<?xml version="1.0" encoding="UTF-8"?>
<coverage generated="1548052335548" clover="3.2.0">
  <project timestamp="1548052335548" name="All files">
    <metrics statements="536" coveredstatements="506" conditionals="160" coveredconditionals="132" methods="51" coveredmethods="42" elements="747" coveredelements="680" complexity="0" loc="536" ncloc="536" packages="7" files="46" classes="46">
      <package name="board-utils">
        <metrics statements="21" coveredstatements="18" conditionals="0" coveredconditionals="0" methods="3" coveredmethods="0"/>
        <file name="index.ts" path="/Users/michaelhildebrand-faust/chess/src/board-utils/index.ts">
          <metrics statements="3" coveredstatements="3" conditionals="0" coveredconditionals="0" methods="0" coveredmethods="0"/>
          <line num="1" count="10" type="stmt"/>
          <line num="2" count="10" type="stmt"/>
          <line num="3" count="10" type="stmt"/>
        </file>
        <file name="pieces-shorthand.ts" path="/Users/michaelhildebrand-faust/chess/src/board-utils/pieces-shorthand.ts">
          <metrics statements="13" coveredstatements="13" conditionals="0" coveredconditionals="0" methods="0" coveredmethods="0"/>
          <line num="1" count="23" type="stmt"/>
          <line num="2" count="23" type="stmt"/>
          <line num="3" count="23" type="stmt"/>
          <line num="4" count="23" type="stmt"/>
          <line num="5" count="23" type="stmt"/>
          <line num="6" count="23" type="stmt"/>
          <line num="7" count="23" type="stmt"/>
          <line num="8" count="23" type="stmt"/>
          <line num="9" count="23" type="stmt"/>
          <line num="10" count="23" type="stmt"/>
          <line num="11" count="23" type="stmt"/>
          <line num="12" count="23" type="stmt"/>
          <line num="13" count="23" type="stmt"/>
        </file>
        <file name="rotateCounterClockwise.ts" path="/Users/michaelhildebrand-faust/chess/src/board-utils/rotateCounterClockwise.ts">
          <metrics statements="5" coveredstatements="2" conditionals="0" coveredconditionals="0" methods="3" coveredmethods="0"/>
          <line num="1" count="10" type="stmt"/>
          <line num="5" count="0" type="stmt"/>
          <line num="6" count="0" type="stmt"/>
          <line num="7" count="0" type="stmt"/>
          <line num="10" count="10" type="stmt"/>
        </file>
      </package>
      <package name="boards">
        <metrics statements="4" coveredstatements="4" conditionals="0" coveredconditionals="0" methods="2" coveredmethods="2"/>
        <file name="empty.ts" path="/Users/michaelhildebrand-faust/chess/src/boards/empty.ts">
          <metrics statements="2" coveredstatements="2" conditionals="0" coveredconditionals="0" methods="1" coveredmethods="1"/>
          <line num="1" count="10" type="stmt"/>
          <line num="3" count="25" type="stmt"/>
        </file>
        <file name="initialBoard.ts" path="/Users/michaelhildebrand-faust/chess/src/boards/initialBoard.ts">
          <metrics statements="2" coveredstatements="2" conditionals="0" coveredconditionals="0" methods="1" coveredmethods="1"/>
          <line num="1" count="10" type="stmt"/>
          <line num="3" count="18" type="stmt"/>
        </file>
      </package>
      <package name="canMove">
        <metrics statements="78" coveredstatements="67" conditionals="55" coveredconditionals="39" methods="6" coveredmethods="6"/>
        <file name="canBishopMove.ts" path="/Users/michaelhildebrand-faust/chess/src/canMove/canBishopMove.ts">
          <metrics statements="24" coveredstatements="23" conditionals="12" coveredconditionals="11" methods="2" coveredmethods="2"/>
          <line num="1" count="3" type="stmt"/>
          <line num="2" count="3" type="stmt"/>
          <line num="7" count="10" type="cond" truecount="1" falsecount="1"/>
          <line num="8" count="0" type="stmt"/>
          <line num="10" count="10" type="stmt"/>
          <line num="13" count="10" type="cond" truecount="2" falsecount="0"/>
          <line num="14" count="1" type="stmt"/>
          <line num="16" count="9" type="stmt"/>
          <line num="17" count="9" type="stmt"/>
          <line num="21" count="9" type="cond" truecount="4" falsecount="0"/>
          <line num="22" count="2" type="stmt"/>
          <line num="25" count="7" type="cond" truecount="2" falsecount="0"/>
          <line num="26" count="1" type="stmt"/>
          <line num="33" count="6" type="stmt"/>
          <line num="34" count="6" type="stmt"/>
          <line num="36" count="15" type="stmt"/>
          <line num="42" count="6" type="stmt"/>
          <line num="45" count="6" type="stmt"/>
          <line num="46" count="10" type="cond" truecount="2" falsecount="0"/>
          <line num="47" count="1" type="stmt"/>
          <line num="48" count="9" type="stmt"/>
          <line num="52" count="5" type="stmt"/>
          <line num="54" count="5" type="stmt"/>
          <line num="57" count="3" type="stmt"/>
        </file>
        <file name="canKnightMove.ts" path="/Users/michaelhildebrand-faust/chess/src/canMove/canKnightMove.ts">
          <metrics statements="10" coveredstatements="10" conditionals="6" coveredconditionals="6" methods="1" coveredmethods="1"/>
          <line num="1" count="4" type="stmt"/>
          <line num="5" count="5" type="cond" truecount="2" falsecount="0"/>
          <line num="6" count="1" type="stmt"/>
          <line num="9" count="4" type="cond" truecount="2" falsecount="0"/>
          <line num="10" count="1" type="stmt"/>
          <line num="12" count="3" type="stmt"/>
          <line num="19" count="3" type="cond" truecount="2" falsecount="0"/>
          <line num="20" count="1" type="stmt"/>
          <line num="22" count="2" type="stmt"/>
          <line num="25" count="4" type="stmt"/>
        </file>
        <file name="canPawnMove.ts" path="/Users/michaelhildebrand-faust/chess/src/canMove/canPawnMove.ts">
          <metrics statements="25" coveredstatements="17" conditionals="29" coveredconditionals="16" methods="1" coveredmethods="1"/>
          <line num="1" count="4" type="stmt"/>
          <line num="7" count="14" type="stmt"/>
          <line num="8" count="14" type="cond" truecount="2" falsecount="0"/>
          <line num="9" count="14" type="stmt"/>
          <line num="10" count="14" type="stmt"/>
          <line num="12" count="14" type="cond" truecount="5" falsecount="0"/>
          <line num="13" count="4" type="stmt"/>
          <line num="16" count="10" type="cond" truecount="2" falsecount="0"/>
          <line num="17" count="4" type="cond" truecount="2" falsecount="0"/>
          <line num="18" count="2" type="stmt"/>
          <line num="19" count="2" type="cond" truecount="1" falsecount="1"/>
          <line num="20" count="0" type="cond" truecount="0" falsecount="4"/>
          <line num="21" count="0" type="stmt"/>
          <line num="22" count="0" type="cond" truecount="0" falsecount="4"/>
          <line num="23" count="0" type="stmt"/>
          <line num="24" count="0" type="cond" truecount="0" falsecount="2"/>
          <line num="25" count="0" type="stmt"/>
          <line num="30" count="6" type="cond" truecount="1" falsecount="1"/>
          <line num="31" count="0" type="stmt"/>
          <line num="32" count="6" type="cond" truecount="2" falsecount="0"/>
          <line num="33" count="2" type="stmt"/>
          <line num="34" count="4" type="cond" truecount="1" falsecount="1"/>
          <line num="35" count="0" type="stmt"/>
          <line num="38" count="6" type="stmt"/>
          <line num="41" count="4" type="stmt"/>
        </file>
        <file name="canRookMove.ts" path="/Users/michaelhildebrand-faust/chess/src/canMove/canRookMove.ts">
          <metrics statements="19" coveredstatements="17" conditionals="8" coveredconditionals="6" methods="2" coveredmethods="2"/>
          <line num="1" count="4" type="stmt"/>
          <line num="6" count="8" type="cond" truecount="1" falsecount="1"/>
          <line num="7" count="0" type="stmt"/>
          <line num="10" count="8" type="cond" truecount="2" falsecount="0"/>
          <line num="11" count="2" type="stmt"/>
          <line num="14" count="6" type="stmt"/>
          <line num="15" count="6" type="stmt"/>
          <line num="19" count="6" type="cond" truecount="1" falsecount="1"/>
          <line num="20" count="0" type="stmt"/>
          <line num="27" count="6" type="stmt"/>
          <line num="28" count="6" type="stmt"/>
          <line num="30" count="11" type="stmt"/>
          <line num="36" count="6" type="stmt"/>
          <line num="39" count="6" type="stmt"/>
          <line num="41" count="6" type="cond" truecount="2" falsecount="0"/>
          <line num="42" count="1" type="stmt"/>
          <line num="43" count="5" type="stmt"/>
          <line num="46" count="5" type="stmt"/>
          <line num="49" count="4" type="stmt"/>
        </file>
      </package>
      <package name="check">
        <metrics statements="87" coveredstatements="82" conditionals="42" coveredconditionals="37" methods="4" coveredmethods="4"/>
        <file name="generateLinesOfAttack.ts" path="/Users/michaelhildebrand-faust/chess/src/check/generateLinesOfAttack.ts">
          <metrics statements="29" coveredstatements="28" conditionals="12" coveredconditionals="11" methods="1" coveredmethods="1"/>
          <line num="1" count="2" type="stmt"/>
          <line num="3" count="2" type="stmt"/>
          <line num="8" count="17" type="stmt"/>
          <line num="9" count="17" type="cond" truecount="2" falsecount="0"/>
          <line num="14" count="17" type="stmt"/>
          <line num="15" count="17" type="cond" truecount="2" falsecount="0"/>
          <line num="19" count="17" type="stmt"/>
          <line num="21" count="85" type="stmt"/>
          <line num="22" count="85" type="stmt"/>
          <line num="24" count="441" type="stmt"/>
          <line num="25" count="441" type="stmt"/>
          <line num="26" count="441" type="stmt"/>
          <line num="28" count="151" type="stmt"/>
          <line num="29" count="519" type="stmt"/>
          <line num="30" count="519" type="stmt"/>
          <line num="32" count="417" type="stmt"/>
          <line num="34" count="79" type="cond" truecount="2" falsecount="0"/>
          <line num="35" count="23" type="stmt"/>
          <line num="37" count="5" type="stmt"/>
          <line num="39" count="18" type="stmt"/>
          <line num="41" count="17" type="stmt"/>
          <line num="44" count="101" type="stmt"/>
          <line num="46" count="417" type="cond" truecount="2" falsecount="0"/>
          <line num="47" count="188" type="stmt"/>
          <line num="49" count="229" type="stmt"/>
          <line num="52" count="84" type="cond" truecount="3" falsecount="1"/>
          <line num="53" count="0" type="stmt"/>
          <line num="56" count="16" type="stmt"/>
          <line num="59" count="2" type="stmt"/>
        </file>
        <file name="index.ts" path="/Users/michaelhildebrand-faust/chess/src/check/index.ts">
          <metrics statements="3" coveredstatements="3" conditionals="0" coveredconditionals="0" methods="0" coveredmethods="0"/>
          <line num="1" count="1" type="stmt"/>
          <line num="2" count="1" type="stmt"/>
          <line num="3" count="1" type="stmt"/>
        </file>
        <file name="isCheckmate.ts" path="/Users/michaelhildebrand-faust/chess/src/check/isCheckmate.ts">
          <metrics statements="34" coveredstatements="30" conditionals="16" coveredconditionals="12" methods="1" coveredmethods="1"/>
          <line num="1" count="1" type="stmt"/>
          <line num="2" count="1" type="stmt"/>
          <line num="3" count="1" type="stmt"/>
          <line num="4" count="1" type="stmt"/>
          <line num="5" count="1" type="stmt"/>
          <line num="10" count="9" type="stmt"/>
          <line num="11" count="55" type="stmt"/>
          <line num="12" count="55" type="stmt"/>
          <line num="14" count="55" type="cond" truecount="4" falsecount="0"/>
          <line num="16" count="19" type="stmt"/>
          <line num="17" count="19" type="cond" truecount="2" falsecount="0"/>
          <line num="18" count="4" type="stmt"/>
          <line num="23" count="5" type="stmt"/>
          <line num="24" count="5" type="stmt"/>
          <line num="25" count="5" type="cond" truecount="1" falsecount="1"/>
          <line num="26" count="0" type="stmt"/>
          <line num="30" count="5" type="stmt"/>
          <line num="31" count="5" type="cond" truecount="2" falsecount="0"/>
          <line num="32" count="1" type="stmt"/>
          <line num="35" count="4" type="stmt"/>
          <line num="36" count="4" type="cond" truecount="2" falsecount="0"/>
          <line num="38" count="7" type="stmt"/>
          <line num="39" count="7" type="stmt"/>
          <line num="42" count="7" type="stmt"/>
          <line num="43" count="7" type="stmt"/>
          <line num="47" count="4" type="stmt"/>
          <line num="48" count="4" type="stmt"/>
          <line num="52" count="4" type="cond" truecount="1" falsecount="1"/>
          <line num="53" count="0" type="stmt"/>
          <line num="54" count="0" type="cond" truecount="0" falsecount="2"/>
          <line num="55" count="0" type="stmt"/>
          <line num="58" count="4" type="stmt"/>
          <line num="61" count="4" type="stmt"/>
          <line num="64" count="1" type="stmt"/>
        </file>
        <file name="isInCheck.ts" path="/Users/michaelhildebrand-faust/chess/src/check/isInCheck.ts">
          <metrics statements="21" coveredstatements="21" conditionals="14" coveredconditionals="14" methods="2" coveredmethods="2"/>
          <line num="1" count="7" type="stmt"/>
          <line num="3" count="7" type="stmt"/>
          <line num="7" count="63" type="stmt"/>
          <line num="11" count="63" type="stmt"/>
          <line num="12" count="63" type="cond" truecount="2" falsecount="0"/>
          <line num="14" count="63" type="stmt"/>
          <line num="16" count="238" type="stmt"/>
          <line num="17" count="238" type="stmt"/>
          <line num="19" count="238" type="stmt"/>
          <line num="21" count="1161" type="stmt"/>
          <line num="22" count="1161" type="stmt"/>
          <line num="24" count="1451" type="stmt"/>
          <line num="25" count="1451" type="cond" truecount="2" falsecount="0"/>
          <line num="26" count="133" type="cond" truecount="2" falsecount="0"/>
          <line num="29" count="1318" type="cond" truecount="2" falsecount="0"/>
          <line num="30" count="716" type="stmt"/>
          <line num="32" count="602" type="stmt"/>
          <line num="34" count="312" type="stmt"/>
          <line num="36" count="238" type="cond" truecount="2" falsecount="0"/>
          <line num="39" count="23" type="stmt"/>
          <line num="42" count="7" type="stmt"/>
        </file>
      </package>
      <package name="constants">
        <metrics statements="82" coveredstatements="82" conditionals="0" coveredconditionals="0" methods="0" coveredmethods="0"/>
        <file name="algebraic.ts" path="/Users/michaelhildebrand-faust/chess/src/constants/algebraic.ts">
          <metrics statements="65" coveredstatements="65" conditionals="0" coveredconditionals="0" methods="0" coveredmethods="0"/>
          <line num="1" count="24" type="stmt"/>
          <line num="2" count="24" type="stmt"/>
          <line num="3" count="24" type="stmt"/>
          <line num="4" count="24" type="stmt"/>
          <line num="5" count="24" type="stmt"/>
          <line num="6" count="24" type="stmt"/>
          <line num="7" count="24" type="stmt"/>
          <line num="8" count="24" type="stmt"/>
          <line num="9" count="24" type="stmt"/>
          <line num="10" count="24" type="stmt"/>
          <line num="11" count="24" type="stmt"/>
          <line num="12" count="24" type="stmt"/>
          <line num="13" count="24" type="stmt"/>
          <line num="14" count="24" type="stmt"/>
          <line num="15" count="24" type="stmt"/>
          <line num="16" count="24" type="stmt"/>
          <line num="17" count="24" type="stmt"/>
          <line num="18" count="24" type="stmt"/>
          <line num="19" count="24" type="stmt"/>
          <line num="20" count="24" type="stmt"/>
          <line num="21" count="24" type="stmt"/>
          <line num="22" count="24" type="stmt"/>
          <line num="23" count="24" type="stmt"/>
          <line num="24" count="24" type="stmt"/>
          <line num="25" count="24" type="stmt"/>
          <line num="26" count="24" type="stmt"/>
          <line num="27" count="24" type="stmt"/>
          <line num="28" count="24" type="stmt"/>
          <line num="29" count="24" type="stmt"/>
          <line num="30" count="24" type="stmt"/>
          <line num="31" count="24" type="stmt"/>
          <line num="32" count="24" type="stmt"/>
          <line num="33" count="24" type="stmt"/>
          <line num="34" count="24" type="stmt"/>
          <line num="35" count="24" type="stmt"/>
          <line num="36" count="24" type="stmt"/>
          <line num="37" count="24" type="stmt"/>
          <line num="38" count="24" type="stmt"/>
          <line num="39" count="24" type="stmt"/>
          <line num="40" count="24" type="stmt"/>
          <line num="41" count="24" type="stmt"/>
          <line num="42" count="24" type="stmt"/>
          <line num="43" count="24" type="stmt"/>
          <line num="44" count="24" type="stmt"/>
          <line num="45" count="24" type="stmt"/>
          <line num="46" count="24" type="stmt"/>
          <line num="47" count="24" type="stmt"/>
          <line num="48" count="24" type="stmt"/>
          <line num="49" count="24" type="stmt"/>
          <line num="50" count="24" type="stmt"/>
          <line num="51" count="24" type="stmt"/>
          <line num="52" count="24" type="stmt"/>
          <line num="53" count="24" type="stmt"/>
          <line num="54" count="24" type="stmt"/>
          <line num="55" count="24" type="stmt"/>
          <line num="56" count="24" type="stmt"/>
          <line num="57" count="24" type="stmt"/>
          <line num="58" count="24" type="stmt"/>
          <line num="59" count="24" type="stmt"/>
          <line num="60" count="24" type="stmt"/>
          <line num="61" count="24" type="stmt"/>
          <line num="62" count="24" type="stmt"/>
          <line num="63" count="24" type="stmt"/>
          <line num="64" count="24" type="stmt"/>
          <line num="66" count="24" type="stmt"/>
        </file>
        <file name="attackPatterns.ts" path="/Users/michaelhildebrand-faust/chess/src/constants/attackPatterns.ts">
          <metrics statements="4" coveredstatements="4" conditionals="0" coveredconditionals="0" methods="0" coveredmethods="0"/>
          <line num="1" count="8" type="stmt"/>
          <line num="4" count="8" type="stmt"/>
          <line num="6" count="8" type="stmt"/>
          <line num="14" count="8" type="stmt"/>
        </file>
        <file name="move-vectors.ts" path="/Users/michaelhildebrand-faust/chess/src/constants/move-vectors.ts">
          <metrics statements="7" coveredstatements="7" conditionals="0" coveredconditionals="0" methods="0" coveredmethods="0"/>
          <line num="1" count="13" type="stmt"/>
          <line num="8" count="13" type="stmt"/>
          <line num="13" count="13" type="stmt"/>
          <line num="19" count="13" type="stmt"/>
          <line num="25" count="13" type="stmt"/>
          <line num="31" count="13" type="stmt"/>
          <line num="35" count="13" type="stmt"/>
        </file>
        <file name="pieces.ts" path="/Users/michaelhildebrand-faust/chess/src/constants/pieces.ts">
          <metrics statements="6" coveredstatements="6" conditionals="0" coveredconditionals="0" methods="0" coveredmethods="0"/>
          <line num="1" count="23" type="stmt"/>
          <line num="9" count="23" type="stmt"/>
          <line num="18" count="23" type="stmt"/>
          <line num="19" count="23" type="stmt"/>
          <line num="20" count="23" type="stmt"/>
          <line num="22" count="23" type="stmt"/>
        </file>
      </package>
      <package name="moves">
        <metrics statements="101" coveredstatements="91" conditionals="39" coveredconditionals="32" methods="17" coveredmethods="11"/>
        <file name="attackedPositions.ts" path="/Users/michaelhildebrand-faust/chess/src/moves/attackedPositions.ts">
          <metrics statements="4" coveredstatements="3" conditionals="0" coveredconditionals="0" methods="1" coveredmethods="0"/>
          <line num="1" count="3" type="stmt"/>
          <line num="2" count="3" type="stmt"/>
          <line num="21" count="0" type="stmt"/>
          <line num="24" count="3" type="stmt"/>
        </file>
        <file name="bishop.ts" path="/Users/michaelhildebrand-faust/chess/src/moves/bishop.ts">
          <metrics statements="13" coveredstatements="13" conditionals="6" coveredconditionals="6" methods="2" coveredmethods="2"/>
          <line num="1" count="4" type="stmt"/>
          <line num="5" count="4" type="stmt"/>
          <line num="9" count="2" type="stmt"/>
          <line num="11" count="2" type="stmt"/>
          <line num="13" count="2" type="stmt"/>
          <line num="14" count="8" type="stmt"/>
          <line num="15" count="8" type="cond" truecount="2" falsecount="0"/>
          <line num="16" count="15" type="stmt"/>
          <line num="17" count="15" type="stmt"/>
          <line num="19" count="8" type="cond" truecount="4" falsecount="0"/>
          <line num="20" count="2" type="stmt"/>
          <line num="23" count="2" type="stmt"/>
          <line num="26" count="4" type="stmt"/>
        </file>
        <file name="canKingMove.ts" path="/Users/michaelhildebrand-faust/chess/src/moves/canKingMove.ts">
          <metrics statements="6" coveredstatements="2" conditionals="5" coveredconditionals="0" methods="1" coveredmethods="0"/>
          <line num="1" count="3" type="stmt"/>
          <line num="6" count="0" type="stmt"/>
          <line num="8" count="0" type="cond" truecount="0" falsecount="2"/>
          <line num="13" count="0" type="stmt"/>
          <line num="16" count="0" type="stmt"/>
          <line num="19" count="3" type="stmt"/>
        </file>
        <file name="canQueenMove.ts" path="/Users/michaelhildebrand-faust/chess/src/moves/canQueenMove.ts">
          <metrics statements="4" coveredstatements="3" conditionals="2" coveredconditionals="0" methods="1" coveredmethods="0"/>
          <line num="1" count="3" type="stmt"/>
          <line num="2" count="3" type="stmt"/>
          <line num="7" count="0" type="cond" truecount="0" falsecount="2"/>
          <line num="11" count="3" type="stmt"/>
        </file>
        <file name="index.ts" path="/Users/michaelhildebrand-faust/chess/src/moves/index.ts">
          <metrics statements="14" coveredstatements="14" conditionals="0" coveredconditionals="0" methods="0" coveredmethods="0"/>
          <line num="3" count="3" type="stmt"/>
          <line num="4" count="3" type="stmt"/>
          <line num="5" count="3" type="stmt"/>
          <line num="6" count="3" type="stmt"/>
          <line num="7" count="3" type="stmt"/>
          <line num="8" count="3" type="stmt"/>
          <line num="9" count="3" type="stmt"/>
          <line num="10" count="3" type="stmt"/>
          <line num="12" count="3" type="stmt"/>
          <line num="13" count="3" type="stmt"/>
          <line num="14" count="3" type="stmt"/>
          <line num="15" count="3" type="stmt"/>
          <line num="16" count="3" type="stmt"/>
          <line num="17" count="3" type="stmt"/>
        </file>
        <file name="king.ts" path="/Users/michaelhildebrand-faust/chess/src/moves/king.ts">
          <metrics statements="7" coveredstatements="3" conditionals="0" coveredconditionals="0" methods="3" coveredmethods="0"/>
          <line num="1" count="3" type="stmt"/>
          <line num="4" count="3" type="stmt"/>
          <line num="8" count="0" type="stmt"/>
          <line num="10" count="0" type="stmt"/>
          <line num="11" count="0" type="stmt"/>
          <line num="13" count="0" type="stmt"/>
          <line num="17" count="3" type="stmt"/>
        </file>
        <file name="knight.ts" path="/Users/michaelhildebrand-faust/chess/src/moves/knight.ts">
          <metrics statements="7" coveredstatements="7" conditionals="0" coveredconditionals="0" methods="3" coveredmethods="3"/>
          <line num="1" count="4" type="stmt"/>
          <line num="4" count="4" type="stmt"/>
          <line num="8" count="4" type="stmt"/>
          <line num="10" count="4" type="stmt"/>
          <line num="11" count="32" type="stmt"/>
          <line num="13" count="12" type="stmt"/>
          <line num="17" count="4" type="stmt"/>
        </file>
        <file name="nextBoard.ts" path="/Users/michaelhildebrand-faust/chess/src/moves/nextBoard.ts">
          <metrics statements="10" coveredstatements="10" conditionals="0" coveredconditionals="0" methods="1" coveredmethods="1"/>
          <line num="1" count="4" type="stmt"/>
          <line num="2" count="4" type="stmt"/>
          <line num="7" count="25" type="stmt"/>
          <line num="9" count="25" type="stmt"/>
          <line num="10" count="200" type="stmt"/>
          <line num="11" count="1600" type="stmt"/>
          <line num="15" count="25" type="stmt"/>
          <line num="16" count="25" type="stmt"/>
          <line num="18" count="25" type="stmt"/>
          <line num="21" count="4" type="stmt"/>
        </file>
        <file name="pawn.ts" path="/Users/michaelhildebrand-faust/chess/src/moves/pawn.ts">
          <metrics statements="20" coveredstatements="20" conditionals="20" coveredconditionals="20" methods="2" coveredmethods="2"/>
          <line num="1" count="4" type="stmt"/>
          <line num="6" count="16" type="stmt"/>
          <line num="8" count="16" type="stmt"/>
          <line num="10" count="16" type="cond" truecount="2" falsecount="0"/>
          <line num="11" count="16" type="stmt"/>
          <line num="12" count="16" type="stmt"/>
          <line num="14" count="16" type="cond" truecount="4" falsecount="0"/>
          <line num="15" count="14" type="stmt"/>
          <line num="17" count="14" type="cond" truecount="4" falsecount="0"/>
          <line num="18" count="14" type="cond" truecount="2" falsecount="0"/>
          <line num="19" count="7" type="stmt"/>
          <line num="20" count="7" type="cond" truecount="4" falsecount="0"/>
          <line num="21" count="6" type="stmt"/>
          <line num="24" count="16" type="stmt"/>
          <line num="26" count="16" type="stmt"/>
          <line num="27" count="32" type="stmt"/>
          <line num="28" count="32" type="cond" truecount="4" falsecount="0"/>
          <line num="29" count="8" type="stmt"/>
          <line num="32" count="16" type="stmt"/>
          <line num="35" count="4" type="stmt"/>
        </file>
        <file name="queen.ts" path="/Users/michaelhildebrand-faust/chess/src/moves/queen.ts">
          <metrics statements="3" coveredstatements="3" conditionals="0" coveredconditionals="0" methods="1" coveredmethods="1"/>
          <line num="1" count="3" type="stmt"/>
          <line num="4" count="1" type="stmt"/>
          <line num="7" count="3" type="stmt"/>
        </file>
        <file name="rook.ts" path="/Users/michaelhildebrand-faust/chess/src/moves/rook.ts">
          <metrics statements="13" coveredstatements="13" conditionals="6" coveredconditionals="6" methods="2" coveredmethods="2"/>
          <line num="1" count="4" type="stmt"/>
          <line num="7" count="2" type="stmt"/>
          <line num="8" count="2" type="stmt"/>
          <line num="9" count="2" type="stmt"/>
          <line num="11" count="2" type="stmt"/>
          <line num="12" count="8" type="stmt"/>
          <line num="13" count="8" type="cond" truecount="2" falsecount="0"/>
          <line num="14" count="15" type="stmt"/>
          <line num="15" count="15" type="stmt"/>
          <line num="17" count="8" type="cond" truecount="4" falsecount="0"/>
          <line num="18" count="2" type="stmt"/>
          <line num="21" count="2" type="stmt"/>
          <line num="24" count="4" type="stmt"/>
        </file>
      </package>
      <package name="position-utils">
        <metrics statements="163" coveredstatements="162" conditionals="24" coveredconditionals="24" methods="19" coveredmethods="19"/>
        <file name="algebraicName.ts" path="/Users/michaelhildebrand-faust/chess/src/position-utils/algebraicName.ts">
          <metrics statements="4" coveredstatements="4" conditionals="0" coveredconditionals="0" methods="1" coveredmethods="1"/>
          <line num="1" count="23" type="stmt"/>
          <line num="3" count="23" type="stmt"/>
          <line num="16" count="221" type="stmt"/>
          <line num="19" count="23" type="stmt"/>
        </file>
        <file name="allPlayerPositions.ts" path="/Users/michaelhildebrand-faust/chess/src/position-utils/allPlayerPositions.ts">
          <metrics statements="10" coveredstatements="10" conditionals="6" coveredconditionals="6" methods="3" coveredmethods="3"/>
          <line num="1" count="1" type="stmt"/>
          <line num="2" count="1" type="stmt"/>
          <line num="6" count="2" type="stmt"/>
          <line num="7" count="2" type="cond" truecount="2" falsecount="0"/>
          <line num="9" count="16" type="stmt"/>
          <line num="11" count="128" type="stmt"/>
          <line num="13" count="128" type="cond" truecount="4" falsecount="0"/>
          <line num="14" count="32" type="stmt"/>
          <line num="20" count="2" type="stmt"/>
          <line num="23" count="1" type="stmt"/>
        </file>
        <file name="areSamePositions.ts" path="/Users/michaelhildebrand-faust/chess/src/position-utils/areSamePositions.ts">
          <metrics statements="2" coveredstatements="2" conditionals="2" coveredconditionals="2" methods="1" coveredmethods="1"/>
          <line num="1" count="29" type="cond" truecount="2" falsecount="0"/>
          <line num="3" count="24" type="stmt"/>
        </file>
        <file name="coordinates.ts" path="/Users/michaelhildebrand-faust/chess/src/position-utils/coordinates.ts">
          <metrics statements="68" coveredstatements="68" conditionals="0" coveredconditionals="0" methods="1" coveredmethods="1"/>
          <line num="1" count="24" type="stmt"/>
          <line num="3" count="24" type="stmt"/>
          <line num="5" count="24" type="stmt"/>
          <line num="6" count="24" type="stmt"/>
          <line num="7" count="24" type="stmt"/>
          <line num="8" count="24" type="stmt"/>
          <line num="9" count="24" type="stmt"/>
          <line num="10" count="24" type="stmt"/>
          <line num="11" count="24" type="stmt"/>
          <line num="12" count="24" type="stmt"/>
          <line num="13" count="24" type="stmt"/>
          <line num="14" count="24" type="stmt"/>
          <line num="15" count="24" type="stmt"/>
          <line num="16" count="24" type="stmt"/>
          <line num="17" count="24" type="stmt"/>
          <line num="18" count="24" type="stmt"/>
          <line num="19" count="24" type="stmt"/>
          <line num="20" count="24" type="stmt"/>
          <line num="21" count="24" type="stmt"/>
          <line num="22" count="24" type="stmt"/>
          <line num="23" count="24" type="stmt"/>
          <line num="24" count="24" type="stmt"/>
          <line num="25" count="24" type="stmt"/>
          <line num="26" count="24" type="stmt"/>
          <line num="27" count="24" type="stmt"/>
          <line num="28" count="24" type="stmt"/>
          <line num="29" count="24" type="stmt"/>
          <line num="30" count="24" type="stmt"/>
          <line num="31" count="24" type="stmt"/>
          <line num="32" count="24" type="stmt"/>
          <line num="33" count="24" type="stmt"/>
          <line num="34" count="24" type="stmt"/>
          <line num="35" count="24" type="stmt"/>
          <line num="36" count="24" type="stmt"/>
          <line num="37" count="24" type="stmt"/>
          <line num="38" count="24" type="stmt"/>
          <line num="39" count="24" type="stmt"/>
          <line num="40" count="24" type="stmt"/>
          <line num="41" count="24" type="stmt"/>
          <line num="42" count="24" type="stmt"/>
          <line num="43" count="24" type="stmt"/>
          <line num="44" count="24" type="stmt"/>
          <line num="45" count="24" type="stmt"/>
          <line num="46" count="24" type="stmt"/>
          <line num="47" count="24" type="stmt"/>
          <line num="48" count="24" type="stmt"/>
          <line num="49" count="24" type="stmt"/>
          <line num="50" count="24" type="stmt"/>
          <line num="51" count="24" type="stmt"/>
          <line num="52" count="24" type="stmt"/>
          <line num="53" count="24" type="stmt"/>
          <line num="54" count="24" type="stmt"/>
          <line num="55" count="24" type="stmt"/>
          <line num="56" count="24" type="stmt"/>
          <line num="57" count="24" type="stmt"/>
          <line num="58" count="24" type="stmt"/>
          <line num="59" count="24" type="stmt"/>
          <line num="60" count="24" type="stmt"/>
          <line num="61" count="24" type="stmt"/>
          <line num="62" count="24" type="stmt"/>
          <line num="63" count="24" type="stmt"/>
          <line num="64" count="24" type="stmt"/>
          <line num="65" count="24" type="stmt"/>
          <line num="66" count="24" type="stmt"/>
          <line num="67" count="24" type="stmt"/>
          <line num="68" count="24" type="stmt"/>
          <line num="73" count="2" type="stmt"/>
          <line num="76" count="24" type="stmt"/>
        </file>
        <file name="displaceFrom.ts" path="/Users/michaelhildebrand-faust/chess/src/position-utils/displaceFrom.ts">
          <metrics statements="5" coveredstatements="5" conditionals="0" coveredconditionals="0" methods="1" coveredmethods="1"/>
          <line num="6" count="23" type="stmt"/>
          <line num="10" count="2433" type="stmt"/>
          <line num="11" count="2433" type="stmt"/>
          <line num="13" count="2433" type="stmt"/>
          <line num="19" count="23" type="stmt"/>
        </file>
        <file name="displaceTo.ts" path="/Users/michaelhildebrand-faust/chess/src/position-utils/displaceTo.ts">
          <metrics statements="5" coveredstatements="5" conditionals="0" coveredconditionals="0" methods="1" coveredmethods="1"/>
          <line num="6" count="23" type="stmt"/>
          <line num="10" count="188" type="stmt"/>
          <line num="11" count="188" type="stmt"/>
          <line num="13" count="188" type="stmt"/>
          <line num="19" count="23" type="stmt"/>
        </file>
        <file name="file.ts" path="/Users/michaelhildebrand-faust/chess/src/position-utils/file.ts">
          <metrics statements="2" coveredstatements="2" conditionals="0" coveredconditionals="0" methods="1" coveredmethods="1"/>
          <line num="3" count="16760" type="stmt"/>
          <line num="6" count="23" type="stmt"/>
        </file>
        <file name="index.ts" path="/Users/michaelhildebrand-faust/chess/src/position-utils/index.ts">
          <metrics statements="16" coveredstatements="16" conditionals="0" coveredconditionals="0" methods="0" coveredmethods="0"/>
          <line num="3" count="23" type="stmt"/>
          <line num="5" count="23" type="stmt"/>
          <line num="6" count="23" type="stmt"/>
          <line num="7" count="23" type="stmt"/>
          <line num="8" count="23" type="stmt"/>
          <line num="9" count="23" type="stmt"/>
          <line num="10" count="23" type="stmt"/>
          <line num="11" count="23" type="stmt"/>
          <line num="12" count="23" type="stmt"/>
          <line num="13" count="23" type="stmt"/>
          <line num="14" count="23" type="stmt"/>
          <line num="15" count="23" type="stmt"/>
          <line num="16" count="23" type="stmt"/>
          <line num="17" count="23" type="stmt"/>
          <line num="18" count="23" type="stmt"/>
          <line num="19" count="23" type="stmt"/>
        </file>
        <file name="isOccupied.ts" path="/Users/michaelhildebrand-faust/chess/src/position-utils/isOccupied.ts">
          <metrics statements="4" coveredstatements="4" conditionals="0" coveredconditionals="0" methods="1" coveredmethods="1"/>
          <line num="1" count="23" type="stmt"/>
          <line num="2" count="23" type="stmt"/>
          <line num="4" count="23" type="stmt"/>
          <line num="6" count="23" type="stmt"/>
        </file>
        <file name="isOccupiedByPlayer.ts" path="/Users/michaelhildebrand-faust/chess/src/position-utils/isOccupiedByPlayer.ts">
          <metrics statements="6" coveredstatements="6" conditionals="2" coveredconditionals="2" methods="1" coveredmethods="1"/>
          <line num="1" count="23" type="stmt"/>
          <line num="2" count="23" type="stmt"/>
          <line num="6" count="41" type="cond" truecount="2" falsecount="0"/>
          <line num="7" count="15" type="stmt"/>
          <line num="9" count="26" type="stmt"/>
          <line num="12" count="23" type="stmt"/>
        </file>
        <file name="isOnBoard.ts" path="/Users/michaelhildebrand-faust/chess/src/position-utils/isOnBoard.ts">
          <metrics statements="4" coveredstatements="4" conditionals="4" coveredconditionals="4" methods="1" coveredmethods="1"/>
          <line num="1" count="23" type="stmt"/>
          <line num="3" count="23" type="stmt"/>
          <line num="4" count="2660" type="cond" truecount="4" falsecount="0"/>
          <line num="9" count="23" type="stmt"/>
        </file>
        <file name="isUnOccupied.ts" path="/Users/michaelhildebrand-faust/chess/src/position-utils/isUnOccupied.ts">
          <metrics statements="4" coveredstatements="4" conditionals="0" coveredconditionals="0" methods="1" coveredmethods="1"/>
          <line num="1" count="23" type="stmt"/>
          <line num="2" count="23" type="stmt"/>
          <line num="5" count="121" type="stmt"/>
          <line num="9" count="23" type="stmt"/>
        </file>
        <file name="isUnOccupiedByPlayer.ts" path="/Users/michaelhildebrand-faust/chess/src/position-utils/isUnOccupiedByPlayer.ts">
          <metrics statements="6" coveredstatements="6" conditionals="2" coveredconditionals="2" methods="1" coveredmethods="1"/>
          <line num="1" count="23" type="stmt"/>
          <line num="2" count="23" type="stmt"/>
          <line num="5" count="12" type="cond" truecount="2" falsecount="0"/>
          <line num="6" count="8" type="stmt"/>
          <line num="8" count="4" type="stmt"/>
          <line num="11" count="23" type="stmt"/>
        </file>
        <file name="locatePiece.ts" path="/Users/michaelhildebrand-faust/chess/src/position-utils/locatePiece.ts">
          <metrics statements="8" coveredstatements="7" conditionals="2" coveredconditionals="2" methods="1" coveredmethods="1"/>
          <line num="2" count="23" type="stmt"/>
          <line num="5" count="44" type="stmt"/>
          <line num="6" count="232" type="stmt"/>
          <line num="7" count="1642" type="stmt"/>
          <line num="8" count="1642" type="cond" truecount="2" falsecount="0"/>
          <line num="9" count="44" type="stmt"/>
          <line num="12" count="0" type="stmt"/>
          <line num="15" count="23" type="stmt"/>
        </file>
        <file name="otherPlayer.ts" path="/Users/michaelhildebrand-faust/chess/src/position-utils/otherPlayer.ts">
          <metrics statements="2" coveredstatements="2" conditionals="0" coveredconditionals="0" methods="1" coveredmethods="1"/>
          <line num="7" count="121" type="stmt"/>
          <line num="9" count="23" type="stmt"/>
        </file>
        <file name="pieceAt.ts" path="/Users/michaelhildebrand-faust/chess/src/position-utils/pieceAt.ts">
          <metrics statements="7" coveredstatements="7" conditionals="2" coveredconditionals="2" methods="1" coveredmethods="1"/>
          <line num="1" count="23" type="stmt"/>
          <line num="2" count="23" type="stmt"/>
          <line num="5" count="5916" type="stmt"/>
          <line num="7" count="5916" type="cond" truecount="2" falsecount="0"/>
          <line num="8" count="1050" type="stmt"/>
          <line num="10" count="4866" type="stmt"/>
          <line num="13" count="23" type="stmt"/>
        </file>
        <file name="playerAt.ts" path="/Users/michaelhildebrand-faust/chess/src/position-utils/playerAt.ts">
          <metrics statements="8" coveredstatements="8" conditionals="4" coveredconditionals="4" methods="1" coveredmethods="1"/>
          <line num="1" count="23" type="stmt"/>
          <line num="2" count="23" type="stmt"/>
          <line num="4" count="23" type="stmt"/>
          <line num="5" count="384" type="stmt"/>
          <line num="7" count="384" type="cond" truecount="2" falsecount="0"/>
          <line num="8" count="29" type="stmt"/>
          <line num="10" count="355" type="cond" truecount="2" falsecount="0"/>
          <line num="13" count="23" type="stmt"/>
        </file>
        <file name="rank.ts" path="/Users/michaelhildebrand-faust/chess/src/position-utils/rank.ts">
          <metrics statements="2" coveredstatements="2" conditionals="0" coveredconditionals="0" methods="1" coveredmethods="1"/>
          <line num="3" count="16151" type="stmt"/>
          <line num="6" count="23" type="stmt"/>
        </file>
      </package>
    </metrics>
  </project>
</coverage>
