{"/Users/michaelhildebrand-faust/chess/src/board-utils/index.ts": {"path":"/Users/michaelhildebrand-faust/chess/src/board-utils/index.ts","statementMap":{"0":{"start":{"line":1,"column":0},"end":{"line":1,"column":76}},"1":{"start":{"line":1,"column":9},"end":{"line":1,"column":42}},"2":{"start":{"line":2,"column":0},"end":{"line":2,"column":52}},"3":{"start":{"line":2,"column":9},"end":{"line":2,"column":30}},"4":{"start":{"line":3,"column":0},"end":{"line":3,"column":56}},"5":{"start":{"line":3,"column":9},"end":{"line":3,"column":32}}},"fnMap":{},"branchMap":{},"s":{"0":10,"1":10,"2":10,"3":10,"4":10,"5":10},"f":{},"b":{}}
,"/Users/michaelhildebrand-faust/chess/src/board-utils/pieces-shorthand.ts": {"path":"/Users/michaelhildebrand-faust/chess/src/board-utils/pieces-shorthand.ts","statementMap":{"0":{"start":{"line":1,"column":13},"end":{"line":1,"column":38}},"1":{"start":{"line":2,"column":13},"end":{"line":2,"column":42}},"2":{"start":{"line":3,"column":13},"end":{"line":3,"column":43}},"3":{"start":{"line":4,"column":13},"end":{"line":4,"column":44}},"4":{"start":{"line":5,"column":13},"end":{"line":5,"column":44}},"5":{"start":{"line":6,"column":13},"end":{"line":6,"column":42}},"6":{"start":{"line":7,"column":13},"end":{"line":7,"column":42}},"7":{"start":{"line":8,"column":13},"end":{"line":8,"column":42}},"8":{"start":{"line":9,"column":13},"end":{"line":9,"column":43}},"9":{"start":{"line":10,"column":13},"end":{"line":10,"column":44}},"10":{"start":{"line":11,"column":13},"end":{"line":11,"column":44}},"11":{"start":{"line":12,"column":13},"end":{"line":12,"column":42}},"12":{"start":{"line":13,"column":13},"end":{"line":13,"column":42}}},"fnMap":{},"branchMap":{},"s":{"0":23,"1":23,"2":23,"3":23,"4":23,"5":23,"6":23,"7":23,"8":23,"9":23,"10":23,"11":23,"12":23},"f":{},"b":{}}
,"/Users/michaelhildebrand-faust/chess/src/board-utils/rotateCounterClockwise.ts": {"path":"/Users/michaelhildebrand-faust/chess/src/board-utils/rotateCounterClockwise.ts","statementMap":{"0":{"start":{"line":1,"column":0},"end":{"line":1,"column":45}},"1":{"start":{"line":5,"column":27},"end":{"line":5,"column":39}},"2":{"start":{"line":6,"column":4},"end":{"line":6,"column":81}},"3":{"start":{"line":6,"column":30},"end":{"line":6,"column":80}},"4":{"start":{"line":6,"column":56},"end":{"line":6,"column":79}},"5":{"start":{"line":7,"column":4},"end":{"line":7,"column":19}},"6":{"start":{"line":10,"column":0},"end":{"line":10,"column":38}}},"fnMap":{"0":{"name":"rotateCounterClockwise","decl":{"start":{"line":3,"column":9},"end":{"line":3,"column":31}},"loc":{"start":{"line":3,"column":44},"end":{"line":8,"column":1}}},"1":{"name":"(anonymous_1)","decl":{"start":{"line":6,"column":18},"end":{"line":6,"column":18}},"loc":{"start":{"line":6,"column":25},"end":{"line":6,"column":80}}},"2":{"name":"(anonymous_2)","decl":{"start":{"line":6,"column":42},"end":{"line":6,"column":42}},"loc":{"start":{"line":6,"column":51},"end":{"line":6,"column":79}}}},"branchMap":{},"s":{"0":10,"1":0,"2":0,"3":0,"4":0,"5":0,"6":10},"f":{"0":0,"1":0,"2":0},"b":{}}
,"/Users/michaelhildebrand-faust/chess/src/boards/empty.ts": {"path":"/Users/michaelhildebrand-faust/chess/src/boards/empty.ts","statementMap":{"0":{"start":{"line":1,"column":0},"end":{"line":1,"column":48}},"1":{"start":{"line":3,"column":0},"end":{"line":13,"column":2}},"2":{"start":{"line":3,"column":28},"end":{"line":13,"column":1}}},"fnMap":{"0":{"name":"(anonymous_0)","decl":{"start":{"line":3,"column":15},"end":{"line":3,"column":27}},"loc":{"start":{"line":3,"column":15},"end":{"line":13,"column":1}}}},"branchMap":{},"s":{"0":10,"1":10,"2":25},"f":{"0":25},"b":{}}
,"/Users/michaelhildebrand-faust/chess/src/boards/initialBoard.ts": {"path":"/Users/michaelhildebrand-faust/chess/src/boards/initialBoard.ts","statementMap":{"0":{"start":{"line":1,"column":0},"end":{"line":1,"column":85}},"1":{"start":{"line":3,"column":0},"end":{"line":13,"column":2}},"2":{"start":{"line":3,"column":28},"end":{"line":13,"column":1}}},"fnMap":{"0":{"name":"(anonymous_0)","decl":{"start":{"line":3,"column":15},"end":{"line":3,"column":27}},"loc":{"start":{"line":3,"column":15},"end":{"line":13,"column":1}}}},"branchMap":{},"s":{"0":10,"1":10,"2":18},"f":{"0":18},"b":{}}
,"/Users/michaelhildebrand-faust/chess/src/canMove/canBishopMove.ts": {"path":"/Users/michaelhildebrand-faust/chess/src/canMove/canBishopMove.ts","statementMap":{"0":{"start":{"line":1,"column":0},"end":{"line":1,"column":99}},"1":{"start":{"line":2,"column":0},"end":{"line":2,"column":38}},"2":{"start":{"line":7,"column":4},"end":{"line":8,"column":21}},"3":{"start":{"line":8,"column":8},"end":{"line":8,"column":21}},"4":{"start":{"line":10,"column":23},"end":{"line":10,"column":50}},"5":{"start":{"line":13,"column":4},"end":{"line":14,"column":21}},"6":{"start":{"line":14,"column":8},"end":{"line":14,"column":21}},"7":{"start":{"line":16,"column":21},"end":{"line":16,"column":58}},"8":{"start":{"line":17,"column":21},"end":{"line":17,"column":58}},"9":{"start":{"line":21,"column":4},"end":{"line":22,"column":21}},"10":{"start":{"line":22,"column":8},"end":{"line":22,"column":21}},"11":{"start":{"line":25,"column":4},"end":{"line":26,"column":21}},"12":{"start":{"line":26,"column":8},"end":{"line":26,"column":21}},"13":{"start":{"line":33,"column":26},"end":{"line":33,"column":45}},"14":{"start":{"line":34,"column":27},"end":{"line":34,"column":46}},"15":{"start":{"line":36,"column":26},"end":{"line":39,"column":5}},"16":{"start":{"line":36,"column":74},"end":{"line":39,"column":5}},"17":{"start":{"line":42,"column":20},"end":{"line":42,"column":47}},"18":{"start":{"line":45,"column":4},"end":{"line":49,"column":5}},"19":{"start":{"line":46,"column":8},"end":{"line":47,"column":25}},"20":{"start":{"line":47,"column":12},"end":{"line":47,"column":25}},"21":{"start":{"line":48,"column":8},"end":{"line":48,"column":45}},"22":{"start":{"line":52,"column":28},"end":{"line":52,"column":70}},"23":{"start":{"line":54,"column":4},"end":{"line":54,"column":16}},"24":{"start":{"line":57,"column":0},"end":{"line":57,"column":29}}},"fnMap":{"0":{"name":"canBishopMove","decl":{"start":{"line":4,"column":9},"end":{"line":4,"column":22}},"loc":{"start":{"line":4,"column":96},"end":{"line":55,"column":1}}},"1":{"name":"(anonymous_1)","decl":{"start":{"line":36,"column":26},"end":{"line":36,"column":26}},"loc":{"start":{"line":36,"column":52},"end":{"line":39,"column":5}}}},"branchMap":{"0":{"loc":{"start":{"line":7,"column":4},"end":{"line":8,"column":21}},"type":"if","locations":[{"start":{"line":7,"column":4},"end":{"line":8,"column":21}},{"start":{"line":7,"column":4},"end":{"line":8,"column":21}}]},"1":{"loc":{"start":{"line":13,"column":4},"end":{"line":14,"column":21}},"type":"if","locations":[{"start":{"line":13,"column":4},"end":{"line":14,"column":21}},{"start":{"line":13,"column":4},"end":{"line":14,"column":21}}]},"2":{"loc":{"start":{"line":21,"column":4},"end":{"line":22,"column":21}},"type":"if","locations":[{"start":{"line":21,"column":4},"end":{"line":22,"column":21}},{"start":{"line":21,"column":4},"end":{"line":22,"column":21}}]},"3":{"loc":{"start":{"line":21,"column":7},"end":{"line":21,"column":21}},"type":"binary-expr","locations":[{"start":{"line":21,"column":7},"end":{"line":21,"column":21}},{"start":{"line":21,"column":25},"end":{"line":21,"column":39}}]},"4":{"loc":{"start":{"line":25,"column":4},"end":{"line":26,"column":21}},"type":"if","locations":[{"start":{"line":25,"column":4},"end":{"line":26,"column":21}},{"start":{"line":25,"column":4},"end":{"line":26,"column":21}}]},"5":{"loc":{"start":{"line":46,"column":8},"end":{"line":47,"column":25}},"type":"if","locations":[{"start":{"line":46,"column":8},"end":{"line":47,"column":25}},{"start":{"line":46,"column":8},"end":{"line":47,"column":25}}]}},"s":{"0":3,"1":3,"2":10,"3":0,"4":10,"5":10,"6":1,"7":9,"8":9,"9":9,"10":2,"11":7,"12":1,"13":6,"14":6,"15":6,"16":15,"17":6,"18":6,"19":10,"20":1,"21":9,"22":5,"23":5,"24":3},"f":{"0":10,"1":15},"b":{"0":[0,10],"1":[1,9],"2":[2,7],"3":[9,8],"4":[1,6],"5":[1,9]}}
,"/Users/michaelhildebrand-faust/chess/src/canMove/canKnightMove.ts": {"path":"/Users/michaelhildebrand-faust/chess/src/canMove/canKnightMove.ts","statementMap":{"0":{"start":{"line":1,"column":0},"end":{"line":1,"column":69}},"1":{"start":{"line":5,"column":4},"end":{"line":6,"column":21}},"2":{"start":{"line":6,"column":8},"end":{"line":6,"column":21}},"3":{"start":{"line":9,"column":4},"end":{"line":10,"column":21}},"4":{"start":{"line":10,"column":8},"end":{"line":10,"column":21}},"5":{"start":{"line":12,"column":42},"end":{"line":15,"column":5}},"6":{"start":{"line":19,"column":4},"end":{"line":20,"column":21}},"7":{"start":{"line":20,"column":8},"end":{"line":20,"column":21}},"8":{"start":{"line":22,"column":4},"end":{"line":22,"column":16}},"9":{"start":{"line":25,"column":0},"end":{"line":25,"column":29}}},"fnMap":{"0":{"name":"canKnightMove","decl":{"start":{"line":3,"column":9},"end":{"line":3,"column":22}},"loc":{"start":{"line":3,"column":96},"end":{"line":23,"column":1}}}},"branchMap":{"0":{"loc":{"start":{"line":5,"column":4},"end":{"line":6,"column":21}},"type":"if","locations":[{"start":{"line":5,"column":4},"end":{"line":6,"column":21}},{"start":{"line":5,"column":4},"end":{"line":6,"column":21}}]},"1":{"loc":{"start":{"line":9,"column":4},"end":{"line":10,"column":21}},"type":"if","locations":[{"start":{"line":9,"column":4},"end":{"line":10,"column":21}},{"start":{"line":9,"column":4},"end":{"line":10,"column":21}}]},"2":{"loc":{"start":{"line":19,"column":4},"end":{"line":20,"column":21}},"type":"if","locations":[{"start":{"line":19,"column":4},"end":{"line":20,"column":21}},{"start":{"line":19,"column":4},"end":{"line":20,"column":21}}]}},"s":{"0":4,"1":5,"2":1,"3":4,"4":1,"5":3,"6":3,"7":1,"8":2,"9":4},"f":{"0":5},"b":{"0":[1,4],"1":[1,3],"2":[1,2]}}
,"/Users/michaelhildebrand-faust/chess/src/canMove/canPawnMove.ts": {"path":"/Users/michaelhildebrand-faust/chess/src/canMove/canPawnMove.ts","statementMap":{"0":{"start":{"line":1,"column":0},"end":{"line":2,"column":52}},"1":{"start":{"line":7,"column":19},"end":{"line":7,"column":48}},"2":{"start":{"line":8,"column":29},"end":{"line":8,"column":61}},"3":{"start":{"line":9,"column":25},"end":{"line":9,"column":83}},"4":{"start":{"line":10,"column":26},"end":{"line":10,"column":63}},"5":{"start":{"line":12,"column":4},"end":{"line":13,"column":21}},"6":{"start":{"line":13,"column":8},"end":{"line":13,"column":21}},"7":{"start":{"line":16,"column":4},"end":{"line":36,"column":5}},"8":{"start":{"line":17,"column":8},"end":{"line":18,"column":25}},"9":{"start":{"line":18,"column":12},"end":{"line":18,"column":25}},"10":{"start":{"line":19,"column":8},"end":{"line":26,"column":9}},"11":{"start":{"line":20,"column":12},"end":{"line":21,"column":29}},"12":{"start":{"line":21,"column":16},"end":{"line":21,"column":29}},"13":{"start":{"line":22,"column":12},"end":{"line":23,"column":29}},"14":{"start":{"line":23,"column":16},"end":{"line":23,"column":29}},"15":{"start":{"line":24,"column":12},"end":{"line":25,"column":29}},"16":{"start":{"line":25,"column":16},"end":{"line":25,"column":29}},"17":{"start":{"line":30,"column":8},"end":{"line":31,"column":25}},"18":{"start":{"line":31,"column":12},"end":{"line":31,"column":25}},"19":{"start":{"line":32,"column":8},"end":{"line":33,"column":25}},"20":{"start":{"line":33,"column":12},"end":{"line":33,"column":25}},"21":{"start":{"line":34,"column":8},"end":{"line":35,"column":25}},"22":{"start":{"line":35,"column":12},"end":{"line":35,"column":25}},"23":{"start":{"line":38,"column":4},"end":{"line":38,"column":16}},"24":{"start":{"line":41,"column":0},"end":{"line":41,"column":27}}},"fnMap":{"0":{"name":"canPawnMove","decl":{"start":{"line":4,"column":9},"end":{"line":4,"column":20}},"loc":{"start":{"line":4,"column":94},"end":{"line":39,"column":1}}}},"branchMap":{"0":{"loc":{"start":{"line":8,"column":55},"end":{"line":8,"column":56}},"type":"cond-expr","locations":[{"start":{"line":8,"column":55},"end":{"line":8,"column":56}},{"start":{"line":8,"column":59},"end":{"line":8,"column":61}}]},"1":{"loc":{"start":{"line":12,"column":4},"end":{"line":13,"column":21}},"type":"if","locations":[{"start":{"line":12,"column":4},"end":{"line":13,"column":21}},{"start":{"line":12,"column":4},"end":{"line":13,"column":21}}]},"2":{"loc":{"start":{"line":12,"column":7},"end":{"line":12,"column":23}},"type":"binary-expr","locations":[{"start":{"line":12,"column":7},"end":{"line":12,"column":23}},{"start":{"line":12,"column":27},"end":{"line":12,"column":43}},{"start":{"line":12,"column":47},"end":{"line":12,"column":74}}]},"3":{"loc":{"start":{"line":16,"column":4},"end":{"line":36,"column":5}},"type":"if","locations":[{"start":{"line":16,"column":4},"end":{"line":36,"column":5}},{"start":{"line":16,"column":4},"end":{"line":36,"column":5}}]},"4":{"loc":{"start":{"line":17,"column":8},"end":{"line":18,"column":25}},"type":"if","locations":[{"start":{"line":17,"column":8},"end":{"line":18,"column":25}},{"start":{"line":17,"column":8},"end":{"line":18,"column":25}}]},"5":{"loc":{"start":{"line":19,"column":8},"end":{"line":26,"column":9}},"type":"if","locations":[{"start":{"line":19,"column":8},"end":{"line":26,"column":9}},{"start":{"line":19,"column":8},"end":{"line":26,"column":9}}]},"6":{"loc":{"start":{"line":20,"column":12},"end":{"line":21,"column":29}},"type":"if","locations":[{"start":{"line":20,"column":12},"end":{"line":21,"column":29}},{"start":{"line":20,"column":12},"end":{"line":21,"column":29}}]},"7":{"loc":{"start":{"line":20,"column":15},"end":{"line":20,"column":21}},"type":"binary-expr","locations":[{"start":{"line":20,"column":15},"end":{"line":20,"column":21}},{"start":{"line":20,"column":42},"end":{"line":20,"column":66}}]},"8":{"loc":{"start":{"line":22,"column":12},"end":{"line":23,"column":29}},"type":"if","locations":[{"start":{"line":22,"column":12},"end":{"line":23,"column":29}},{"start":{"line":22,"column":12},"end":{"line":23,"column":29}}]},"9":{"loc":{"start":{"line":22,"column":15},"end":{"line":22,"column":21}},"type":"binary-expr","locations":[{"start":{"line":22,"column":15},"end":{"line":22,"column":21}},{"start":{"line":22,"column":42},"end":{"line":22,"column":66}}]},"10":{"loc":{"start":{"line":24,"column":12},"end":{"line":25,"column":29}},"type":"if","locations":[{"start":{"line":24,"column":12},"end":{"line":25,"column":29}},{"start":{"line":24,"column":12},"end":{"line":25,"column":29}}]},"11":{"loc":{"start":{"line":30,"column":8},"end":{"line":31,"column":25}},"type":"if","locations":[{"start":{"line":30,"column":8},"end":{"line":31,"column":25}},{"start":{"line":30,"column":8},"end":{"line":31,"column":25}}]},"12":{"loc":{"start":{"line":32,"column":8},"end":{"line":33,"column":25}},"type":"if","locations":[{"start":{"line":32,"column":8},"end":{"line":33,"column":25}},{"start":{"line":32,"column":8},"end":{"line":33,"column":25}}]},"13":{"loc":{"start":{"line":34,"column":8},"end":{"line":35,"column":25}},"type":"if","locations":[{"start":{"line":34,"column":8},"end":{"line":35,"column":25}},{"start":{"line":34,"column":8},"end":{"line":35,"column":25}}]}},"s":{"0":4,"1":14,"2":14,"3":14,"4":14,"5":14,"6":4,"7":10,"8":4,"9":2,"10":2,"11":0,"12":0,"13":0,"14":0,"15":0,"16":0,"17":6,"18":0,"19":6,"20":2,"21":4,"22":0,"23":6,"24":4},"f":{"0":14},"b":{"0":[8,6],"1":[4,10],"2":[14,10,10],"3":[4,6],"4":[2,2],"5":[0,2],"6":[0,0],"7":[0,0],"8":[0,0],"9":[0,0],"10":[0,0],"11":[0,6],"12":[2,4],"13":[0,4]}}
,"/Users/michaelhildebrand-faust/chess/src/canMove/canRookMove.ts": {"path":"/Users/michaelhildebrand-faust/chess/src/canMove/canRookMove.ts","statementMap":{"0":{"start":{"line":1,"column":0},"end":{"line":2,"column":31}},"1":{"start":{"line":6,"column":4},"end":{"line":7,"column":21}},"2":{"start":{"line":7,"column":8},"end":{"line":7,"column":21}},"3":{"start":{"line":10,"column":4},"end":{"line":11,"column":21}},"4":{"start":{"line":11,"column":8},"end":{"line":11,"column":21}},"5":{"start":{"line":14,"column":21},"end":{"line":14,"column":58}},"6":{"start":{"line":15,"column":21},"end":{"line":15,"column":58}},"7":{"start":{"line":19,"column":4},"end":{"line":20,"column":21}},"8":{"start":{"line":20,"column":8},"end":{"line":20,"column":21}},"9":{"start":{"line":27,"column":26},"end":{"line":27,"column":45}},"10":{"start":{"line":28,"column":27},"end":{"line":28,"column":46}},"11":{"start":{"line":30,"column":26},"end":{"line":33,"column":5}},"12":{"start":{"line":30,"column":74},"end":{"line":33,"column":5}},"13":{"start":{"line":36,"column":20},"end":{"line":36,"column":47}},"14":{"start":{"line":39,"column":4},"end":{"line":44,"column":5}},"15":{"start":{"line":41,"column":8},"end":{"line":42,"column":25}},"16":{"start":{"line":42,"column":12},"end":{"line":42,"column":25}},"17":{"start":{"line":43,"column":8},"end":{"line":43,"column":45}},"18":{"start":{"line":46,"column":4},"end":{"line":46,"column":16}},"19":{"start":{"line":49,"column":0},"end":{"line":49,"column":27}}},"fnMap":{"0":{"name":"canRookMove","decl":{"start":{"line":4,"column":9},"end":{"line":4,"column":20}},"loc":{"start":{"line":4,"column":94},"end":{"line":47,"column":1}}},"1":{"name":"(anonymous_1)","decl":{"start":{"line":30,"column":26},"end":{"line":30,"column":26}},"loc":{"start":{"line":30,"column":52},"end":{"line":33,"column":5}}}},"branchMap":{"0":{"loc":{"start":{"line":6,"column":4},"end":{"line":7,"column":21}},"type":"if","locations":[{"start":{"line":6,"column":4},"end":{"line":7,"column":21}},{"start":{"line":6,"column":4},"end":{"line":7,"column":21}}]},"1":{"loc":{"start":{"line":10,"column":4},"end":{"line":11,"column":21}},"type":"if","locations":[{"start":{"line":10,"column":4},"end":{"line":11,"column":21}},{"start":{"line":10,"column":4},"end":{"line":11,"column":21}}]},"2":{"loc":{"start":{"line":19,"column":4},"end":{"line":20,"column":21}},"type":"if","locations":[{"start":{"line":19,"column":4},"end":{"line":20,"column":21}},{"start":{"line":19,"column":4},"end":{"line":20,"column":21}}]},"3":{"loc":{"start":{"line":41,"column":8},"end":{"line":42,"column":25}},"type":"if","locations":[{"start":{"line":41,"column":8},"end":{"line":42,"column":25}},{"start":{"line":41,"column":8},"end":{"line":42,"column":25}}]}},"s":{"0":4,"1":8,"2":0,"3":8,"4":2,"5":6,"6":6,"7":6,"8":0,"9":6,"10":6,"11":6,"12":11,"13":6,"14":6,"15":6,"16":1,"17":5,"18":5,"19":4},"f":{"0":8,"1":11},"b":{"0":[0,8],"1":[2,6],"2":[0,6],"3":[1,5]}}
,"/Users/michaelhildebrand-faust/chess/src/check/generateLinesOfAttack.ts": {"path":"/Users/michaelhildebrand-faust/chess/src/check/generateLinesOfAttack.ts","statementMap":{"0":{"start":{"line":1,"column":0},"end":{"line":2,"column":31}},"1":{"start":{"line":3,"column":0},"end":{"line":3,"column":82}},"2":{"start":{"line":8,"column":10},"end":{"line":8,"column":43}},"3":{"start":{"line":9,"column":8},"end":{"line":9,"column":95}},"4":{"start":{"line":14,"column":10},"end":{"line":14,"column":59}},"5":{"start":{"line":15,"column":10},"end":{"line":15,"column":96}},"6":{"start":{"line":19,"column":10},"end":{"line":19,"column":73}},"7":{"start":{"line":21,"column":29},"end":{"line":21,"column":43}},"8":{"start":{"line":21,"column":12},"end":{"line":21,"column":25}},"9":{"start":{"line":22,"column":14},"end":{"line":22,"column":74}},"10":{"start":{"line":24,"column":26},"end":{"line":24,"column":47}},"11":{"start":{"line":24,"column":16},"end":{"line":24,"column":22}},"12":{"start":{"line":25,"column":18},"end":{"line":25,"column":34}},"13":{"start":{"line":26,"column":16},"end":{"line":26,"column":74}},"14":{"start":{"line":28,"column":46},"end":{"line":null,"column":-1}},"15":{"start":{"line":29,"column":16},"end":{"line":29,"column":50}},"16":{"start":{"line":30,"column":22},"end":{"line":30,"column":68}},"17":{"start":{"line":32,"column":20},"end":{"line":32,"column":30}},"18":{"start":{"line":34,"column":24},"end":{"line":34,"column":105}},"19":{"start":{"line":35,"column":30},"end":{"line":35,"column":75}},"20":{"start":{"line":37,"column":27},"end":{"line":37,"column":55}},"21":{"start":{"line":39,"column":28},"end":{"line":39,"column":44}},"22":{"start":{"line":39,"column":28},"end":{"line":39,"column":45}},"23":{"start":{"line":41,"column":28},"end":{"line":41,"column":89}},"24":{"start":{"line":44,"column":20},"end":{"line":44,"column":26}},"25":{"start":{"line":46,"column":21},"end":{"line":48,"column":17}},"26":{"start":{"line":47,"column":20},"end":{"line":47,"column":26}},"27":{"start":{"line":49,"column":16},"end":{"line":49,"column":74}},"28":{"start":{"line":52,"column":8},"end":{"line":54,"column":9}},"29":{"start":{"line":53,"column":12},"end":{"line":53,"column":18}},"30":{"start":{"line":56,"column":4},"end":{"line":56,"column":16}},"31":{"start":{"line":59,"column":0},"end":{"line":59,"column":37}}},"fnMap":{"0":{"name":"generateLinesOfAttack","decl":{"start":{"line":6,"column":11},"end":{"line":6,"column":32}},"loc":{"start":{"line":6,"column":98},"end":{"line":57,"column":1}}}},"branchMap":{"0":{"loc":{"start":{"line":9,"column":53},"end":{"line":9,"column":72}},"type":"cond-expr","locations":[{"start":{"line":9,"column":53},"end":{"line":9,"column":72}},{"start":{"line":9,"column":75},"end":{"line":9,"column":94}}]},"1":{"loc":{"start":{"line":15,"column":25},"end":{"line":15,"column":38}},"type":"binary-expr","locations":[{"start":{"line":15,"column":25},"end":{"line":15,"column":38}},{"start":{"line":15,"column":62},"end":{"line":15,"column":75}}]},"2":{"loc":{"start":{"line":34,"column":24},"end":{"line":34,"column":70}},"type":"binary-expr","locations":[{"start":{"line":34,"column":24},"end":{"line":34,"column":70}},{"start":{"line":34,"column":74},"end":{"line":34,"column":105}}]},"3":{"loc":{"start":{"line":46,"column":21},"end":{"line":48,"column":17}},"type":"if","locations":[{"start":{"line":46,"column":21},"end":{"line":48,"column":17}},{"start":{"line":46,"column":21},"end":{"line":48,"column":17}}]},"4":{"loc":{"start":{"line":52,"column":8},"end":{"line":54,"column":9}},"type":"if","locations":[{"start":{"line":52,"column":8},"end":{"line":54,"column":9}},{"start":{"line":52,"column":8},"end":{"line":54,"column":9}}]},"5":{"loc":{"start":{"line":52,"column":11},"end":{"line":52,"column":23}},"type":"binary-expr","locations":[{"start":{"line":52,"column":11},"end":{"line":52,"column":23}},{"start":{"line":52,"column":27},"end":{"line":52,"column":49}}]}},"s":{"0":2,"1":2,"2":17,"3":17,"4":17,"5":17,"6":17,"7":17,"8":85,"9":85,"10":85,"11":441,"12":441,"13":441,"14":151,"15":519,"16":519,"17":417,"18":79,"19":23,"20":5,"21":18,"22":17,"23":17,"24":101,"25":417,"26":188,"27":229,"28":84,"29":0,"30":16,"31":2},"f":{"0":17},"b":{"0":[9,8],"1":[17,14],"2":[102,60],"3":[188,229],"4":[0,84],"5":[84,24]}}
,"/Users/michaelhildebrand-faust/chess/src/check/index.ts": {"path":"/Users/michaelhildebrand-faust/chess/src/check/index.ts","statementMap":{"0":{"start":{"line":1,"column":0},"end":{"line":1,"column":54}},"1":{"start":{"line":1,"column":9},"end":{"line":1,"column":31}},"2":{"start":{"line":2,"column":0},"end":{"line":2,"column":50}},"3":{"start":{"line":2,"column":9},"end":{"line":2,"column":29}},"4":{"start":{"line":3,"column":0},"end":{"line":3,"column":74}},"5":{"start":{"line":3,"column":9},"end":{"line":3,"column":41}}},"fnMap":{},"branchMap":{},"s":{"0":1,"1":1,"2":1,"3":1,"4":1,"5":1},"f":{},"b":{}}
,"/Users/michaelhildebrand-faust/chess/src/check/isCheckmate.ts": {"path":"/Users/michaelhildebrand-faust/chess/src/check/isCheckmate.ts","statementMap":{"0":{"start":{"line":1,"column":0},"end":{"line":1,"column":39}},"1":{"start":{"line":2,"column":0},"end":{"line":2,"column":51}},"2":{"start":{"line":3,"column":0},"end":{"line":3,"column":92}},"3":{"start":{"line":4,"column":0},"end":{"line":4,"column":52}},"4":{"start":{"line":5,"column":0},"end":{"line":5,"column":39}},"5":{"start":{"line":10,"column":4},"end":{"line":21,"column":5}},"6":{"start":{"line":11,"column":35},"end":{"line":11,"column":49}},"7":{"start":{"line":12,"column":28},"end":{"line":12,"column":60}},"8":{"start":{"line":14,"column":8},"end":{"line":20,"column":9}},"9":{"start":{"line":16,"column":36},"end":{"line":16,"column":79}},"10":{"start":{"line":17,"column":12},"end":{"line":19,"column":13}},"11":{"start":{"line":18,"column":16},"end":{"line":18,"column":29}},"12":{"start":{"line":23,"column":24},"end":{"line":23,"column":76}},"13":{"start":{"line":24,"column":22},"end":{"line":24,"column":40}},"14":{"start":{"line":25,"column":4},"end":{"line":27,"column":5}},"15":{"start":{"line":26,"column":8},"end":{"line":26,"column":21}},"16":{"start":{"line":30,"column":23},"end":{"line":30,"column":41}},"17":{"start":{"line":31,"column":4},"end":{"line":33,"column":5}},"18":{"start":{"line":32,"column":8},"end":{"line":32,"column":19}},"19":{"start":{"line":35,"column":21},"end":{"line":35,"column":42}},"20":{"start":{"line":36,"column":22},"end":{"line":36,"column":67}},"21":{"start":{"line":38,"column":4},"end":{"line":60,"column":5}},"22":{"start":{"line":38,"column":31},"end":{"line":38,"column":30}},"23":{"start":{"line":39,"column":31},"end":{"line":39,"column":90}},"24":{"start":{"line":42,"column":72},"end":{"line":42,"column":93}},"25":{"start":{"line":43,"column":8},"end":{"line":59,"column":9}},"26":{"start":{"line":47,"column":58},"end":{"line":47,"column":81}},"27":{"start":{"line":48,"column":61},"end":{"line":48,"column":99}},"28":{"start":{"line":52,"column":12},"end":{"line":57,"column":13}},"29":{"start":{"line":53,"column":48},"end":{"line":53,"column":110}},"30":{"start":{"line":54,"column":16},"end":{"line":56,"column":17}},"31":{"start":{"line":55,"column":20},"end":{"line":55,"column":33}},"32":{"start":{"line":58,"column":12},"end":{"line":58,"column":54}},"33":{"start":{"line":61,"column":4},"end":{"line":61,"column":16}},"34":{"start":{"line":64,"column":0},"end":{"line":64,"column":27}}},"fnMap":{"0":{"name":"isCheckmate","decl":{"start":{"line":7,"column":9},"end":{"line":7,"column":20}},"loc":{"start":{"line":7,"column":82},"end":{"line":62,"column":1}}}},"branchMap":{"0":{"loc":{"start":{"line":14,"column":8},"end":{"line":20,"column":9}},"type":"if","locations":[{"start":{"line":14,"column":8},"end":{"line":20,"column":9}},{"start":{"line":14,"column":8},"end":{"line":20,"column":9}}]},"1":{"loc":{"start":{"line":14,"column":11},"end":{"line":14,"column":33}},"type":"binary-expr","locations":[{"start":{"line":14,"column":11},"end":{"line":14,"column":33}},{"start":{"line":14,"column":37},"end":{"line":14,"column":78}}]},"2":{"loc":{"start":{"line":17,"column":12},"end":{"line":19,"column":13}},"type":"if","locations":[{"start":{"line":17,"column":12},"end":{"line":19,"column":13}},{"start":{"line":17,"column":12},"end":{"line":19,"column":13}}]},"3":{"loc":{"start":{"line":25,"column":4},"end":{"line":27,"column":5}},"type":"if","locations":[{"start":{"line":25,"column":4},"end":{"line":27,"column":5}},{"start":{"line":25,"column":4},"end":{"line":27,"column":5}}]},"4":{"loc":{"start":{"line":31,"column":4},"end":{"line":33,"column":5}},"type":"if","locations":[{"start":{"line":31,"column":4},"end":{"line":33,"column":5}},{"start":{"line":31,"column":4},"end":{"line":33,"column":5}}]},"5":{"loc":{"start":{"line":36,"column":49},"end":{"line":36,"column":65}},"type":"cond-expr","locations":[{"start":{"line":36,"column":49},"end":{"line":36,"column":65}},{"start":{"line":36,"column":67},"end":{"line":36,"column":82}}]},"6":{"loc":{"start":{"line":52,"column":12},"end":{"line":57,"column":13}},"type":"if","locations":[{"start":{"line":52,"column":12},"end":{"line":57,"column":13}},{"start":{"line":52,"column":12},"end":{"line":57,"column":13}}]},"7":{"loc":{"start":{"line":54,"column":16},"end":{"line":56,"column":17}},"type":"if","locations":[{"start":{"line":54,"column":16},"end":{"line":56,"column":17}},{"start":{"line":54,"column":16},"end":{"line":56,"column":17}}]}},"s":{"0":1,"1":1,"2":1,"3":1,"4":1,"5":9,"6":55,"7":55,"8":55,"9":19,"10":19,"11":4,"12":5,"13":5,"14":5,"15":0,"16":5,"17":5,"18":1,"19":4,"20":4,"21":4,"22":7,"23":7,"24":7,"25":7,"26":4,"27":4,"28":4,"29":0,"30":0,"31":0,"32":4,"33":4,"34":1},"f":{"0":9},"b":{"0":[19,36],"1":[55,37],"2":[4,15],"3":[0,5],"4":[1,4],"5":[2,2],"6":[0,4],"7":[0,0]}}
,"/Users/michaelhildebrand-faust/chess/src/check/isInCheck.ts": {"path":"/Users/michaelhildebrand-faust/chess/src/check/isInCheck.ts","statementMap":{"0":{"start":{"line":1,"column":0},"end":{"line":2,"column":31}},"1":{"start":{"line":3,"column":0},"end":{"line":3,"column":81}},"2":{"start":{"line":7,"column":25},"end":{"line":9,"column":89}},"3":{"start":{"line":11,"column":21},"end":{"line":11,"column":40}},"4":{"start":{"line":12,"column":25},"end":{"line":12,"column":94}},"5":{"start":{"line":16,"column":30},"end":{"line":16,"column":47}},"6":{"start":{"line":17,"column":44},"end":{"line":17,"column":73}},"7":{"start":{"line":19,"column":42},"end":{"line":35,"column":10}},"8":{"start":{"line":21,"column":35},"end":{"line":21,"column":69}},"9":{"start":{"line":22,"column":12},"end":{"line":33,"column":13}},"10":{"start":{"line":24,"column":35},"end":{"line":24,"column":67}},"11":{"start":{"line":25,"column":16},"end":{"line":31,"column":17}},"12":{"start":{"line":26,"column":20},"end":{"line":27,"column":59}},"13":{"start":{"line":29,"column":21},"end":{"line":31,"column":17}},"14":{"start":{"line":30,"column":20},"end":{"line":30,"column":33}},"15":{"start":{"line":32,"column":16},"end":{"line":32,"column":74}},"16":{"start":{"line":34,"column":12},"end":{"line":34,"column":25}},"17":{"start":{"line":36,"column":8},"end":{"line":37,"column":24}},"18":{"start":{"line":14,"column":4},"end":{"line":38,"column":5}},"19":{"start":{"line":39,"column":4},"end":{"line":39,"column":17}},"20":{"start":{"line":42,"column":0},"end":{"line":42,"column":25}}},"fnMap":{"0":{"name":"isInCheck","decl":{"start":{"line":5,"column":9},"end":{"line":5,"column":18}},"loc":{"start":{"line":5,"column":86},"end":{"line":40,"column":1}}},"1":{"name":"(anonymous_2)","decl":{"start":{"line":19,"column":69},"end":{"line":19,"column":69}},"loc":{"start":{"line":19,"column":76},"end":{"line":35,"column":9}}}},"branchMap":{"0":{"loc":{"start":{"line":8,"column":10},"end":{"line":8,"column":30}},"type":"cond-expr","locations":[{"start":{"line":8,"column":10},"end":{"line":8,"column":30}},{"start":{"line":9,"column":10},"end":{"line":9,"column":89}}]},"1":{"loc":{"start":{"line":9,"column":54},"end":{"line":9,"column":70}},"type":"cond-expr","locations":[{"start":{"line":9,"column":54},"end":{"line":9,"column":70}},{"start":{"line":9,"column":72},"end":{"line":9,"column":87}}]},"2":{"loc":{"start":{"line":12,"column":53},"end":{"line":12,"column":72}},"type":"cond-expr","locations":[{"start":{"line":12,"column":53},"end":{"line":12,"column":72}},{"start":{"line":12,"column":75},"end":{"line":12,"column":94}}]},"3":{"loc":{"start":{"line":25,"column":16},"end":{"line":31,"column":17}},"type":"if","locations":[{"start":{"line":25,"column":16},"end":{"line":31,"column":17}},{"start":{"line":25,"column":16},"end":{"line":31,"column":17}}]},"4":{"loc":{"start":{"line":26,"column":27},"end":{"line":26,"column":73}},"type":"binary-expr","locations":[{"start":{"line":26,"column":27},"end":{"line":26,"column":73}},{"start":{"line":27,"column":27},"end":{"line":27,"column":58}}]},"5":{"loc":{"start":{"line":29,"column":21},"end":{"line":31,"column":17}},"type":"if","locations":[{"start":{"line":29,"column":21},"end":{"line":31,"column":17}},{"start":{"line":29,"column":21},"end":{"line":31,"column":17}}]},"6":{"loc":{"start":{"line":36,"column":8},"end":{"line":37,"column":24}},"type":"if","locations":[{"start":{"line":36,"column":8},"end":{"line":37,"column":24}},{"start":{"line":36,"column":8},"end":{"line":37,"column":24}}]}},"s":{"0":7,"1":7,"2":63,"3":63,"4":63,"5":238,"6":238,"7":238,"8":1161,"9":1161,"10":1451,"11":1451,"12":133,"13":1318,"14":716,"15":602,"16":312,"17":238,"18":63,"19":23,"20":7},"f":{"0":63,"1":1161},"b":{"0":[21,42],"1":[1,41],"2":[52,11],"3":[133,1318],"4":[133,82],"5":[716,602],"6":[40,198]}}
,"/Users/michaelhildebrand-faust/chess/src/constants/algebraic.ts": {"path":"/Users/michaelhildebrand-faust/chess/src/constants/algebraic.ts","statementMap":{"0":{"start":{"line":1,"column":11},"end":{"line":1,"column":31}},"1":{"start":{"line":2,"column":11},"end":{"line":2,"column":31}},"2":{"start":{"line":3,"column":11},"end":{"line":3,"column":31}},"3":{"start":{"line":4,"column":11},"end":{"line":4,"column":31}},"4":{"start":{"line":5,"column":11},"end":{"line":5,"column":31}},"5":{"start":{"line":6,"column":11},"end":{"line":6,"column":31}},"6":{"start":{"line":7,"column":11},"end":{"line":7,"column":31}},"7":{"start":{"line":8,"column":11},"end":{"line":8,"column":31}},"8":{"start":{"line":9,"column":11},"end":{"line":9,"column":31}},"9":{"start":{"line":10,"column":11},"end":{"line":10,"column":31}},"10":{"start":{"line":11,"column":11},"end":{"line":11,"column":31}},"11":{"start":{"line":12,"column":11},"end":{"line":12,"column":31}},"12":{"start":{"line":13,"column":11},"end":{"line":13,"column":31}},"13":{"start":{"line":14,"column":11},"end":{"line":14,"column":31}},"14":{"start":{"line":15,"column":11},"end":{"line":15,"column":31}},"15":{"start":{"line":16,"column":11},"end":{"line":16,"column":31}},"16":{"start":{"line":17,"column":11},"end":{"line":17,"column":31}},"17":{"start":{"line":18,"column":11},"end":{"line":18,"column":31}},"18":{"start":{"line":19,"column":11},"end":{"line":19,"column":31}},"19":{"start":{"line":20,"column":11},"end":{"line":20,"column":31}},"20":{"start":{"line":21,"column":11},"end":{"line":21,"column":31}},"21":{"start":{"line":22,"column":11},"end":{"line":22,"column":31}},"22":{"start":{"line":23,"column":11},"end":{"line":23,"column":31}},"23":{"start":{"line":24,"column":11},"end":{"line":24,"column":31}},"24":{"start":{"line":25,"column":11},"end":{"line":25,"column":31}},"25":{"start":{"line":26,"column":11},"end":{"line":26,"column":31}},"26":{"start":{"line":27,"column":11},"end":{"line":27,"column":31}},"27":{"start":{"line":28,"column":11},"end":{"line":28,"column":31}},"28":{"start":{"line":29,"column":11},"end":{"line":29,"column":31}},"29":{"start":{"line":30,"column":11},"end":{"line":30,"column":31}},"30":{"start":{"line":31,"column":11},"end":{"line":31,"column":31}},"31":{"start":{"line":32,"column":11},"end":{"line":32,"column":31}},"32":{"start":{"line":33,"column":11},"end":{"line":33,"column":31}},"33":{"start":{"line":34,"column":11},"end":{"line":34,"column":31}},"34":{"start":{"line":35,"column":11},"end":{"line":35,"column":31}},"35":{"start":{"line":36,"column":11},"end":{"line":36,"column":31}},"36":{"start":{"line":37,"column":11},"end":{"line":37,"column":31}},"37":{"start":{"line":38,"column":11},"end":{"line":38,"column":31}},"38":{"start":{"line":39,"column":11},"end":{"line":39,"column":31}},"39":{"start":{"line":40,"column":11},"end":{"line":40,"column":31}},"40":{"start":{"line":41,"column":11},"end":{"line":41,"column":31}},"41":{"start":{"line":42,"column":11},"end":{"line":42,"column":31}},"42":{"start":{"line":43,"column":11},"end":{"line":43,"column":31}},"43":{"start":{"line":44,"column":11},"end":{"line":44,"column":31}},"44":{"start":{"line":45,"column":11},"end":{"line":45,"column":31}},"45":{"start":{"line":46,"column":11},"end":{"line":46,"column":31}},"46":{"start":{"line":47,"column":11},"end":{"line":47,"column":31}},"47":{"start":{"line":48,"column":11},"end":{"line":48,"column":31}},"48":{"start":{"line":49,"column":11},"end":{"line":49,"column":31}},"49":{"start":{"line":50,"column":11},"end":{"line":50,"column":31}},"50":{"start":{"line":51,"column":11},"end":{"line":51,"column":31}},"51":{"start":{"line":52,"column":11},"end":{"line":52,"column":31}},"52":{"start":{"line":53,"column":11},"end":{"line":53,"column":31}},"53":{"start":{"line":54,"column":11},"end":{"line":54,"column":31}},"54":{"start":{"line":55,"column":11},"end":{"line":55,"column":31}},"55":{"start":{"line":56,"column":11},"end":{"line":56,"column":31}},"56":{"start":{"line":57,"column":11},"end":{"line":57,"column":31}},"57":{"start":{"line":58,"column":11},"end":{"line":58,"column":31}},"58":{"start":{"line":59,"column":11},"end":{"line":59,"column":31}},"59":{"start":{"line":60,"column":11},"end":{"line":60,"column":31}},"60":{"start":{"line":61,"column":11},"end":{"line":61,"column":31}},"61":{"start":{"line":62,"column":11},"end":{"line":62,"column":31}},"62":{"start":{"line":63,"column":11},"end":{"line":63,"column":31}},"63":{"start":{"line":64,"column":11},"end":{"line":64,"column":31}},"64":{"start":{"line":66,"column":13},"end":{"line":68,"column":3}}},"fnMap":{},"branchMap":{},"s":{"0":24,"1":24,"2":24,"3":24,"4":24,"5":24,"6":24,"7":24,"8":24,"9":24,"10":24,"11":24,"12":24,"13":24,"14":24,"15":24,"16":24,"17":24,"18":24,"19":24,"20":24,"21":24,"22":24,"23":24,"24":24,"25":24,"26":24,"27":24,"28":24,"29":24,"30":24,"31":24,"32":24,"33":24,"34":24,"35":24,"36":24,"37":24,"38":24,"39":24,"40":24,"41":24,"42":24,"43":24,"44":24,"45":24,"46":24,"47":24,"48":24,"49":24,"50":24,"51":24,"52":24,"53":24,"54":24,"55":24,"56":24,"57":24,"58":24,"59":24,"60":24,"61":24,"62":24,"63":24,"64":24},"f":{},"b":{}}
,"/Users/michaelhildebrand-faust/chess/src/constants/attackPatterns.ts": {"path":"/Users/michaelhildebrand-faust/chess/src/constants/attackPatterns.ts","statementMap":{"0":{"start":{"line":1,"column":0},"end":{"line":2,"column":32}},"1":{"start":{"line":4,"column":0},"end":{"line":4,"column":93}},"2":{"start":{"line":6,"column":13},"end":{"line":12,"column":2}},"3":{"start":{"line":14,"column":13},"end":{"line":20,"column":2}}},"fnMap":{},"branchMap":{},"s":{"0":8,"1":8,"2":8,"3":8},"f":{},"b":{}}
,"/Users/michaelhildebrand-faust/chess/src/constants/move-vectors.ts": {"path":"/Users/michaelhildebrand-faust/chess/src/constants/move-vectors.ts","statementMap":{"0":{"start":{"line":1,"column":13},"end":{"line":6,"column":3}},"1":{"start":{"line":8,"column":13},"end":{"line":11,"column":3}},"2":{"start":{"line":13,"column":13},"end":{"line":17,"column":3}},"3":{"start":{"line":19,"column":13},"end":{"line":23,"column":3}},"4":{"start":{"line":25,"column":13},"end":{"line":29,"column":3}},"5":{"start":{"line":31,"column":13},"end":{"line":33,"column":3}},"6":{"start":{"line":35,"column":13},"end":{"line":37,"column":3}}},"fnMap":{},"branchMap":{},"s":{"0":13,"1":13,"2":13,"3":13,"4":13,"5":13,"6":13},"f":{},"b":{}}
,"/Users/michaelhildebrand-faust/chess/src/constants/pieces.ts": {"path":"/Users/michaelhildebrand-faust/chess/src/constants/pieces.ts","statementMap":{"0":{"start":{"line":1,"column":43},"end":{"line":8,"column":2}},"1":{"start":{"line":9,"column":44},"end":{"line":16,"column":2}},"2":{"start":{"line":18,"column":13},"end":{"line":18,"column":64}},"3":{"start":{"line":19,"column":13},"end":{"line":19,"column":64}},"4":{"start":{"line":20,"column":13},"end":{"line":20,"column":83}},"5":{"start":{"line":22,"column":13},"end":{"line":36,"column":3}}},"fnMap":{},"branchMap":{},"s":{"0":23,"1":23,"2":23,"3":23,"4":23,"5":23},"f":{},"b":{}}
,"/Users/michaelhildebrand-faust/chess/src/moves/attackedPositions.ts": {"path":"/Users/michaelhildebrand-faust/chess/src/moves/attackedPositions.ts","statementMap":{"0":{"start":{"line":1,"column":0},"end":{"line":1,"column":99}},"1":{"start":{"line":2,"column":0},"end":{"line":2,"column":85}},"2":{"start":{"line":21,"column":8},"end":{"line":21,"column":54}},"3":{"start":{"line":24,"column":0},"end":{"line":24,"column":33}}},"fnMap":{"0":{"name":"attackedPositions","decl":{"start":{"line":19,"column":9},"end":{"line":19,"column":26}},"loc":{"start":{"line":19,"column":80},"end":{"line":22,"column":1}}}},"branchMap":{},"s":{"0":3,"1":3,"2":0,"3":3},"f":{"0":0},"b":{}}
,"/Users/michaelhildebrand-faust/chess/src/moves/bishop.ts": {"path":"/Users/michaelhildebrand-faust/chess/src/moves/bishop.ts","statementMap":{"0":{"start":{"line":1,"column":0},"end":{"line":3,"column":31}},"1":{"start":{"line":5,"column":0},"end":{"line":5,"column":53}},"2":{"start":{"line":9,"column":19},"end":{"line":9,"column":51}},"3":{"start":{"line":11,"column":54},"end":{"line":11,"column":56}},"4":{"start":{"line":13,"column":4},"end":{"line":21,"column":7}},"5":{"start":{"line":14,"column":31},"end":{"line":14,"column":66}},"6":{"start":{"line":15,"column":8},"end":{"line":18,"column":9}},"7":{"start":{"line":16,"column":12},"end":{"line":16,"column":53}},"8":{"start":{"line":17,"column":12},"end":{"line":17,"column":68}},"9":{"start":{"line":19,"column":8},"end":{"line":20,"column":53}},"10":{"start":{"line":20,"column":12},"end":{"line":20,"column":53}},"11":{"start":{"line":23,"column":4},"end":{"line":23,"column":57}},"12":{"start":{"line":26,"column":0},"end":{"line":26,"column":22}}},"fnMap":{"0":{"name":"bishop","decl":{"start":{"line":7,"column":9},"end":{"line":7,"column":15}},"loc":{"start":{"line":7,"column":62},"end":{"line":24,"column":1}}},"1":{"name":"(anonymous_1)","decl":{"start":{"line":13,"column":26},"end":{"line":13,"column":26}},"loc":{"start":{"line":13,"column":45},"end":{"line":21,"column":5}}}},"branchMap":{"0":{"loc":{"start":{"line":15,"column":14},"end":{"line":15,"column":41}},"type":"binary-expr","locations":[{"start":{"line":15,"column":14},"end":{"line":15,"column":41}},{"start":{"line":15,"column":45},"end":{"line":15,"column":82}}]},"1":{"loc":{"start":{"line":19,"column":8},"end":{"line":20,"column":53}},"type":"if","locations":[{"start":{"line":19,"column":8},"end":{"line":20,"column":53}},{"start":{"line":19,"column":8},"end":{"line":20,"column":53}}]},"2":{"loc":{"start":{"line":19,"column":11},"end":{"line":19,"column":38}},"type":"binary-expr","locations":[{"start":{"line":19,"column":11},"end":{"line":19,"column":38}},{"start":{"line":19,"column":42},"end":{"line":19,"column":106}}]}},"s":{"0":4,"1":4,"2":2,"3":2,"4":2,"5":8,"6":8,"7":15,"8":15,"9":8,"10":2,"11":2,"12":4},"f":{"0":2,"1":8},"b":{"0":[23,18],"1":[2,6],"2":[8,3]}}
,"/Users/michaelhildebrand-faust/chess/src/moves/canKingMove.ts": {"path":"/Users/michaelhildebrand-faust/chess/src/moves/canKingMove.ts","statementMap":{"0":{"start":{"line":1,"column":0},"end":{"line":1,"column":59}},"1":{"start":{"line":6,"column":19},"end":{"line":6,"column":48}},"2":{"start":{"line":8,"column":4},"end":{"line":14,"column":6}},"3":{"start":{"line":13,"column":8},"end":{"line":13,"column":21}},"4":{"start":{"line":16,"column":4},"end":{"line":16,"column":16}},"5":{"start":{"line":19,"column":0},"end":{"line":19,"column":27}}},"fnMap":{"0":{"name":"kingCanMove","decl":{"start":{"line":3,"column":9},"end":{"line":3,"column":20}},"loc":{"start":{"line":3,"column":94},"end":{"line":17,"column":1}}}},"branchMap":{"0":{"loc":{"start":{"line":8,"column":4},"end":{"line":14,"column":6}},"type":"if","locations":[{"start":{"line":8,"column":4},"end":{"line":14,"column":6}},{"start":{"line":8,"column":4},"end":{"line":14,"column":6}}]},"1":{"loc":{"start":{"line":9,"column":8},"end":{"line":9,"column":59}},"type":"binary-expr","locations":[{"start":{"line":9,"column":8},"end":{"line":9,"column":59}},{"start":{"line":10,"column":11},"end":{"line":10,"column":62}},{"start":{"line":11,"column":11},"end":{"line":11,"column":49}}]}},"s":{"0":3,"1":0,"2":0,"3":0,"4":0,"5":3},"f":{"0":0},"b":{"0":[0,0],"1":[0,0,0]}}
,"/Users/michaelhildebrand-faust/chess/src/moves/canQueenMove.ts": {"path":"/Users/michaelhildebrand-faust/chess/src/moves/canQueenMove.ts","statementMap":{"0":{"start":{"line":1,"column":0},"end":{"line":1,"column":39}},"1":{"start":{"line":2,"column":0},"end":{"line":2,"column":47}},"2":{"start":{"line":7,"column":4},"end":{"line":8,"column":58}},"3":{"start":{"line":11,"column":0},"end":{"line":11,"column":28}}},"fnMap":{"0":{"name":"queenCanMove","decl":{"start":{"line":4,"column":9},"end":{"line":4,"column":21}},"loc":{"start":{"line":4,"column":95},"end":{"line":9,"column":1}}}},"branchMap":{"0":{"loc":{"start":{"line":7,"column":11},"end":{"line":7,"column":55}},"type":"binary-expr","locations":[{"start":{"line":7,"column":11},"end":{"line":7,"column":55}},{"start":{"line":8,"column":11},"end":{"line":8,"column":57}}]}},"s":{"0":3,"1":3,"2":0,"3":3},"f":{"0":0},"b":{"0":[0,0]}}
,"/Users/michaelhildebrand-faust/chess/src/moves/index.ts": {"path":"/Users/michaelhildebrand-faust/chess/src/moves/index.ts","statementMap":{"0":{"start":{"line":3,"column":0},"end":{"line":3,"column":66}},"1":{"start":{"line":3,"column":9},"end":{"line":3,"column":37}},"2":{"start":{"line":4,"column":0},"end":{"line":4,"column":50}},"3":{"start":{"line":4,"column":9},"end":{"line":4,"column":29}},"4":{"start":{"line":5,"column":0},"end":{"line":5,"column":54}},"5":{"start":{"line":5,"column":9},"end":{"line":5,"column":31}},"6":{"start":{"line":6,"column":0},"end":{"line":6,"column":54}},"7":{"start":{"line":6,"column":9},"end":{"line":6,"column":31}},"8":{"start":{"line":7,"column":0},"end":{"line":7,"column":50}},"9":{"start":{"line":7,"column":9},"end":{"line":7,"column":29}},"10":{"start":{"line":8,"column":0},"end":{"line":8,"column":52}},"11":{"start":{"line":8,"column":9},"end":{"line":8,"column":30}},"12":{"start":{"line":9,"column":0},"end":{"line":9,"column":50}},"13":{"start":{"line":9,"column":9},"end":{"line":9,"column":29}},"14":{"start":{"line":10,"column":0},"end":{"line":10,"column":50}},"15":{"start":{"line":10,"column":9},"end":{"line":10,"column":29}},"16":{"start":{"line":12,"column":0},"end":{"line":12,"column":58}},"17":{"start":{"line":12,"column":9},"end":{"line":12,"column":33}},"18":{"start":{"line":13,"column":0},"end":{"line":13,"column":54}},"19":{"start":{"line":13,"column":9},"end":{"line":13,"column":31}},"20":{"start":{"line":14,"column":0},"end":{"line":14,"column":58}},"21":{"start":{"line":14,"column":9},"end":{"line":14,"column":33}},"22":{"start":{"line":15,"column":0},"end":{"line":15,"column":54}},"23":{"start":{"line":15,"column":9},"end":{"line":15,"column":31}},"24":{"start":{"line":16,"column":0},"end":{"line":16,"column":56}},"25":{"start":{"line":16,"column":9},"end":{"line":16,"column":32}},"26":{"start":{"line":17,"column":0},"end":{"line":17,"column":54}},"27":{"start":{"line":17,"column":9},"end":{"line":17,"column":31}}},"fnMap":{},"branchMap":{},"s":{"0":3,"1":3,"2":3,"3":3,"4":3,"5":3,"6":3,"7":3,"8":3,"9":3,"10":3,"11":3,"12":3,"13":3,"14":3,"15":3,"16":3,"17":3,"18":3,"19":3,"20":3,"21":3,"22":3,"23":3,"24":3,"25":3,"26":3,"27":3},"f":{},"b":{}}
,"/Users/michaelhildebrand-faust/chess/src/moves/king.ts": {"path":"/Users/michaelhildebrand-faust/chess/src/moves/king.ts","statementMap":{"0":{"start":{"line":1,"column":0},"end":{"line":2,"column":31}},"1":{"start":{"line":4,"column":0},"end":{"line":4,"column":51}},"2":{"start":{"line":8,"column":19},"end":{"line":8,"column":51}},"3":{"start":{"line":10,"column":4},"end":{"line":14,"column":29}},"4":{"start":{"line":11,"column":23},"end":{"line":11,"column":58}},"5":{"start":{"line":13,"column":34},"end":{"line":13,"column":85}},"6":{"start":{"line":17,"column":0},"end":{"line":17,"column":20}}},"fnMap":{"0":{"name":"king","decl":{"start":{"line":6,"column":9},"end":{"line":6,"column":13}},"loc":{"start":{"line":6,"column":61},"end":{"line":15,"column":1}}},"1":{"name":"(anonymous_1)","decl":{"start":{"line":11,"column":13},"end":{"line":11,"column":12}},"loc":{"start":{"line":11,"column":19},"end":{"line":11,"column":58}}},"2":{"name":"(anonymous_2)","decl":{"start":{"line":13,"column":16},"end":{"line":13,"column":15}},"loc":{"start":{"line":13,"column":30},"end":{"line":13,"column":85}}}},"branchMap":{},"s":{"0":3,"1":3,"2":0,"3":0,"4":0,"5":0,"6":3},"f":{"0":0,"1":0,"2":0},"b":{}}
,"/Users/michaelhildebrand-faust/chess/src/moves/knight.ts": {"path":"/Users/michaelhildebrand-faust/chess/src/moves/knight.ts","statementMap":{"0":{"start":{"line":1,"column":0},"end":{"line":2,"column":31}},"1":{"start":{"line":4,"column":0},"end":{"line":4,"column":53}},"2":{"start":{"line":8,"column":19},"end":{"line":8,"column":51}},"3":{"start":{"line":10,"column":4},"end":{"line":14,"column":29}},"4":{"start":{"line":11,"column":23},"end":{"line":11,"column":58}},"5":{"start":{"line":13,"column":34},"end":{"line":13,"column":85}},"6":{"start":{"line":17,"column":0},"end":{"line":17,"column":22}}},"fnMap":{"0":{"name":"knight","decl":{"start":{"line":6,"column":9},"end":{"line":6,"column":15}},"loc":{"start":{"line":6,"column":63},"end":{"line":15,"column":1}}},"1":{"name":"(anonymous_1)","decl":{"start":{"line":11,"column":13},"end":{"line":11,"column":12}},"loc":{"start":{"line":11,"column":19},"end":{"line":11,"column":58}}},"2":{"name":"(anonymous_2)","decl":{"start":{"line":13,"column":16},"end":{"line":13,"column":15}},"loc":{"start":{"line":13,"column":30},"end":{"line":13,"column":85}}}},"branchMap":{},"s":{"0":4,"1":4,"2":4,"3":4,"4":32,"5":12,"6":4},"f":{"0":4,"1":32,"2":12},"b":{}}
,"/Users/michaelhildebrand-faust/chess/src/moves/nextBoard.ts": {"path":"/Users/michaelhildebrand-faust/chess/src/moves/nextBoard.ts","statementMap":{"0":{"start":{"line":1,"column":0},"end":{"line":1,"column":58}},"1":{"start":{"line":2,"column":0},"end":{"line":2,"column":46}},"2":{"start":{"line":7,"column":29},"end":{"line":7,"column":41}},"3":{"start":{"line":9,"column":4},"end":{"line":13,"column":5}},"4":{"start":{"line":10,"column":8},"end":{"line":12,"column":9}},"5":{"start":{"line":11,"column":12},"end":{"line":11,"column":71}},"6":{"start":{"line":15,"column":4},"end":{"line":15,"column":87}},"7":{"start":{"line":16,"column":4},"end":{"line":16,"column":117}},"8":{"start":{"line":18,"column":4},"end":{"line":18,"column":20}},"9":{"start":{"line":21,"column":0},"end":{"line":21,"column":25}}},"fnMap":{"0":{"name":"nextBoard","decl":{"start":{"line":4,"column":9},"end":{"line":4,"column":18}},"loc":{"start":{"line":4,"column":119},"end":{"line":19,"column":1}}}},"branchMap":{},"s":{"0":4,"1":4,"2":25,"3":25,"4":200,"5":1600,"6":25,"7":25,"8":25,"9":4},"f":{"0":25},"b":{}}
,"/Users/michaelhildebrand-faust/chess/src/moves/pawn.ts": {"path":"/Users/michaelhildebrand-faust/chess/src/moves/pawn.ts","statementMap":{"0":{"start":{"line":1,"column":0},"end":{"line":3,"column":31}},"1":{"start":{"line":6,"column":19},"end":{"line":6,"column":51}},"2":{"start":{"line":8,"column":50},"end":{"line":8,"column":59}},"3":{"start":{"line":10,"column":29},"end":{"line":10,"column":61}},"4":{"start":{"line":11,"column":24},"end":{"line":11,"column":45}},"5":{"start":{"line":12,"column":21},"end":{"line":12,"column":71}},"6":{"start":{"line":14,"column":4},"end":{"line":23,"column":5}},"7":{"start":{"line":15,"column":8},"end":{"line":15,"column":55}},"8":{"start":{"line":17,"column":32},"end":{"line":17,"column":128}},"9":{"start":{"line":18,"column":8},"end":{"line":22,"column":9}},"10":{"start":{"line":19,"column":29},"end":{"line":19,"column":83}},"11":{"start":{"line":20,"column":12},"end":{"line":21,"column":63}},"12":{"start":{"line":21,"column":16},"end":{"line":21,"column":63}},"13":{"start":{"line":24,"column":43},"end":{"line":24,"column":90}},"14":{"start":{"line":26,"column":4},"end":{"line":30,"column":7}},"15":{"start":{"line":27,"column":33},"end":{"line":27,"column":68}},"16":{"start":{"line":28,"column":8},"end":{"line":29,"column":67}},"17":{"start":{"line":29,"column":12},"end":{"line":29,"column":67}},"18":{"start":{"line":32,"column":4},"end":{"line":32,"column":29}},"19":{"start":{"line":35,"column":0},"end":{"line":35,"column":20}}},"fnMap":{"0":{"name":"pawn","decl":{"start":{"line":5,"column":9},"end":{"line":5,"column":13}},"loc":{"start":{"line":5,"column":60},"end":{"line":33,"column":1}}},"1":{"name":"(anonymous_1)","decl":{"start":{"line":26,"column":24},"end":{"line":26,"column":23}},"loc":{"start":{"line":26,"column":30},"end":{"line":30,"column":5}}}},"branchMap":{"0":{"loc":{"start":{"line":10,"column":55},"end":{"line":10,"column":56}},"type":"cond-expr","locations":[{"start":{"line":10,"column":55},"end":{"line":10,"column":56}},{"start":{"line":10,"column":59},"end":{"line":10,"column":61}}]},"1":{"loc":{"start":{"line":14,"column":4},"end":{"line":23,"column":5}},"type":"if","locations":[{"start":{"line":14,"column":4},"end":{"line":23,"column":5}},{"start":{"line":14,"column":4},"end":{"line":23,"column":5}}]},"2":{"loc":{"start":{"line":14,"column":7},"end":{"line":14,"column":26}},"type":"binary-expr","locations":[{"start":{"line":14,"column":7},"end":{"line":14,"column":26}},{"start":{"line":14,"column":30},"end":{"line":14,"column":59}}]},"3":{"loc":{"start":{"line":17,"column":33},"end":{"line":17,"column":39}},"type":"binary-expr","locations":[{"start":{"line":17,"column":33},"end":{"line":17,"column":39}},{"start":{"line":17,"column":60},"end":{"line":17,"column":77}},{"start":{"line":17,"column":83},"end":{"line":17,"column":89}},{"start":{"line":17,"column":110},"end":{"line":17,"column":127}}]},"4":{"loc":{"start":{"line":18,"column":8},"end":{"line":22,"column":9}},"type":"if","locations":[{"start":{"line":18,"column":8},"end":{"line":22,"column":9}},{"start":{"line":18,"column":8},"end":{"line":22,"column":9}}]},"5":{"loc":{"start":{"line":20,"column":12},"end":{"line":21,"column":63}},"type":"if","locations":[{"start":{"line":20,"column":12},"end":{"line":21,"column":63}},{"start":{"line":20,"column":12},"end":{"line":21,"column":63}}]},"6":{"loc":{"start":{"line":20,"column":15},"end":{"line":20,"column":34}},"type":"binary-expr","locations":[{"start":{"line":20,"column":15},"end":{"line":20,"column":34}},{"start":{"line":20,"column":38},"end":{"line":20,"column":67}}]},"7":{"loc":{"start":{"line":28,"column":8},"end":{"line":29,"column":67}},"type":"if","locations":[{"start":{"line":28,"column":8},"end":{"line":29,"column":67}},{"start":{"line":28,"column":8},"end":{"line":29,"column":67}}]},"8":{"loc":{"start":{"line":28,"column":11},"end":{"line":28,"column":38}},"type":"binary-expr","locations":[{"start":{"line":28,"column":11},"end":{"line":28,"column":38}},{"start":{"line":28,"column":42},"end":{"line":28,"column":106}}]}},"s":{"0":4,"1":16,"2":16,"3":16,"4":16,"5":16,"6":16,"7":14,"8":14,"9":14,"10":7,"11":7,"12":6,"13":16,"14":16,"15":32,"16":32,"17":8,"18":16,"19":4},"f":{"0":16,"1":32},"b":{"0":[8,8],"1":[14,2],"2":[16,16],"3":[14,7,9,7],"4":[7,7],"5":[6,1],"6":[7,7],"7":[8,24],"8":[32,28]}}
,"/Users/michaelhildebrand-faust/chess/src/moves/queen.ts": {"path":"/Users/michaelhildebrand-faust/chess/src/moves/queen.ts","statementMap":{"0":{"start":{"line":1,"column":0},"end":{"line":1,"column":51}},"1":{"start":{"line":4,"column":4},"end":{"line":4,"column":99}},"2":{"start":{"line":7,"column":0},"end":{"line":7,"column":21}}},"fnMap":{"0":{"name":"queen","decl":{"start":{"line":3,"column":9},"end":{"line":3,"column":14}},"loc":{"start":{"line":3,"column":61},"end":{"line":5,"column":1}}}},"branchMap":{},"s":{"0":3,"1":1,"2":3},"f":{"0":1},"b":{}}
,"/Users/michaelhildebrand-faust/chess/src/moves/rook.ts": {"path":"/Users/michaelhildebrand-faust/chess/src/moves/rook.ts","statementMap":{"0":{"start":{"line":1,"column":0},"end":{"line":3,"column":31}},"1":{"start":{"line":7,"column":19},"end":{"line":7,"column":51}},"2":{"start":{"line":8,"column":23},"end":{"line":8,"column":53}},"3":{"start":{"line":9,"column":55},"end":{"line":9,"column":57}},"4":{"start":{"line":11,"column":4},"end":{"line":19,"column":7}},"5":{"start":{"line":12,"column":28},"end":{"line":12,"column":66}},"6":{"start":{"line":13,"column":8},"end":{"line":16,"column":9}},"7":{"start":{"line":14,"column":12},"end":{"line":14,"column":50}},"8":{"start":{"line":15,"column":12},"end":{"line":15,"column":65}},"9":{"start":{"line":17,"column":8},"end":{"line":18,"column":50}},"10":{"start":{"line":18,"column":12},"end":{"line":18,"column":50}},"11":{"start":{"line":21,"column":4},"end":{"line":21,"column":57}},"12":{"start":{"line":24,"column":0},"end":{"line":24,"column":20}}},"fnMap":{"0":{"name":"rook","decl":{"start":{"line":5,"column":9},"end":{"line":5,"column":13}},"loc":{"start":{"line":5,"column":60},"end":{"line":22,"column":1}}},"1":{"name":"(anonymous_1)","decl":{"start":{"line":11,"column":23},"end":{"line":11,"column":23}},"loc":{"start":{"line":11,"column":33},"end":{"line":19,"column":5}}}},"branchMap":{"0":{"loc":{"start":{"line":13,"column":14},"end":{"line":13,"column":38}},"type":"binary-expr","locations":[{"start":{"line":13,"column":14},"end":{"line":13,"column":38}},{"start":{"line":13,"column":42},"end":{"line":13,"column":76}}]},"1":{"loc":{"start":{"line":17,"column":8},"end":{"line":18,"column":50}},"type":"if","locations":[{"start":{"line":17,"column":8},"end":{"line":18,"column":50}},{"start":{"line":17,"column":8},"end":{"line":18,"column":50}}]},"2":{"loc":{"start":{"line":17,"column":11},"end":{"line":17,"column":35}},"type":"binary-expr","locations":[{"start":{"line":17,"column":11},"end":{"line":17,"column":35}},{"start":{"line":17,"column":39},"end":{"line":17,"column":100}}]}},"s":{"0":4,"1":2,"2":2,"3":2,"4":2,"5":8,"6":8,"7":15,"8":15,"9":8,"10":2,"11":2,"12":4},"f":{"0":2,"1":8},"b":{"0":[23,21],"1":[2,6],"2":[8,6]}}
,"/Users/michaelhildebrand-faust/chess/src/position-utils/algebraicName.ts": {"path":"/Users/michaelhildebrand-faust/chess/src/position-utils/algebraicName.ts","statementMap":{"0":{"start":{"line":1,"column":0},"end":{"line":1,"column":49}},"1":{"start":{"line":3,"column":13},"end":{"line":12,"column":1}},"2":{"start":{"line":16,"column":4},"end":{"line":16,"column":48}},"3":{"start":{"line":19,"column":0},"end":{"line":19,"column":28}}},"fnMap":{"0":{"name":"algebraicName","decl":{"start":{"line":14,"column":9},"end":{"line":14,"column":22}},"loc":{"start":{"line":14,"column":49},"end":{"line":17,"column":1}}}},"branchMap":{},"s":{"0":23,"1":23,"2":221,"3":23},"f":{"0":221},"b":{}}
,"/Users/michaelhildebrand-faust/chess/src/position-utils/allPlayerPositions.ts": {"path":"/Users/michaelhildebrand-faust/chess/src/position-utils/allPlayerPositions.ts","statementMap":{"0":{"start":{"line":1,"column":0},"end":{"line":1,"column":61}},"1":{"start":{"line":2,"column":0},"end":{"line":2,"column":61}},"2":{"start":{"line":6,"column":52},"end":{"line":6,"column":54}},"3":{"start":{"line":7,"column":28},"end":{"line":7,"column":81}},"4":{"start":{"line":9,"column":4},"end":{"line":19,"column":8}},"5":{"start":{"line":9,"column":31},"end":{"line":19,"column":6}},"6":{"start":{"line":11,"column":22},"end":{"line":11,"column":44}},"7":{"start":{"line":13,"column":8},"end":{"line":18,"column":9}},"8":{"start":{"line":14,"column":12},"end":{"line":17,"column":15}},"9":{"start":{"line":20,"column":4},"end":{"line":20,"column":29}},"10":{"start":{"line":23,"column":0},"end":{"line":23,"column":34}}},"fnMap":{"0":{"name":"allPlayerPositions","decl":{"start":{"line":4,"column":9},"end":{"line":4,"column":27}},"loc":{"start":{"line":4,"column":56},"end":{"line":21,"column":1}}},"1":{"name":"(anonymous_1)","decl":{"start":{"line":9,"column":18},"end":{"line":9,"column":18}},"loc":{"start":{"line":9,"column":26},"end":{"line":19,"column":6}}},"2":{"name":"(anonymous_2)","decl":{"start":{"line":9,"column":44},"end":{"line":9,"column":44}},"loc":{"start":{"line":9,"column":51},"end":{"line":19,"column":5}}}},"branchMap":{"0":{"loc":{"start":{"line":7,"column":54},"end":{"line":7,"column":66}},"type":"cond-expr","locations":[{"start":{"line":7,"column":54},"end":{"line":7,"column":66}},{"start":{"line":7,"column":69},"end":{"line":7,"column":81}}]},"1":{"loc":{"start":{"line":13,"column":8},"end":{"line":18,"column":9}},"type":"if","locations":[{"start":{"line":13,"column":8},"end":{"line":18,"column":9}},{"start":{"line":13,"column":8},"end":{"line":18,"column":9}}]},"2":{"loc":{"start":{"line":13,"column":11},"end":{"line":13,"column":16}},"type":"binary-expr","locations":[{"start":{"line":13,"column":11},"end":{"line":13,"column":16}},{"start":{"line":13,"column":21},"end":{"line":13,"column":47}}]}},"s":{"0":1,"1":1,"2":2,"3":2,"4":2,"5":16,"6":128,"7":128,"8":32,"9":2,"10":1},"f":{"0":2,"1":16,"2":128},"b":{"0":[1,1],"1":[32,96],"2":[128,64]}}
,"/Users/michaelhildebrand-faust/chess/src/position-utils/areSamePositions.ts": {"path":"/Users/michaelhildebrand-faust/chess/src/position-utils/areSamePositions.ts","statementMap":{"0":{"start":{"line":1,"column":25},"end":{"line":1,"column":126}},"1":{"start":{"line":1,"column":84},"end":{"line":1,"column":126}},"2":{"start":{"line":3,"column":0},"end":{"line":3,"column":32}}},"fnMap":{"0":{"name":"(anonymous_0)","decl":{"start":{"line":1,"column":25},"end":{"line":1,"column":25}},"loc":{"start":{"line":1,"column":70},"end":{"line":1,"column":126}}}},"branchMap":{"0":{"loc":{"start":{"line":1,"column":84},"end":{"line":1,"column":103}},"type":"binary-expr","locations":[{"start":{"line":1,"column":84},"end":{"line":1,"column":103}},{"start":{"line":1,"column":107},"end":{"line":1,"column":126}}]}},"s":{"0":24,"1":29,"2":24},"f":{"0":29},"b":{"0":[29,17]}}
,"/Users/michaelhildebrand-faust/chess/src/position-utils/coordinates.ts": {"path":"/Users/michaelhildebrand-faust/chess/src/position-utils/coordinates.ts","statementMap":{"0":{"start":{"line":1,"column":0},"end":{"line":1,"column":48}},"1":{"start":{"line":3,"column":54},"end":{"line":3,"column":95}},"2":{"start":{"line":5,"column":0},"end":{"line":5,"column":43}},"3":{"start":{"line":6,"column":0},"end":{"line":6,"column":43}},"4":{"start":{"line":7,"column":0},"end":{"line":7,"column":43}},"5":{"start":{"line":8,"column":0},"end":{"line":8,"column":43}},"6":{"start":{"line":9,"column":0},"end":{"line":9,"column":43}},"7":{"start":{"line":10,"column":0},"end":{"line":10,"column":43}},"8":{"start":{"line":11,"column":0},"end":{"line":11,"column":43}},"9":{"start":{"line":12,"column":0},"end":{"line":12,"column":43}},"10":{"start":{"line":13,"column":0},"end":{"line":13,"column":43}},"11":{"start":{"line":14,"column":0},"end":{"line":14,"column":43}},"12":{"start":{"line":15,"column":0},"end":{"line":15,"column":43}},"13":{"start":{"line":16,"column":0},"end":{"line":16,"column":43}},"14":{"start":{"line":17,"column":0},"end":{"line":17,"column":43}},"15":{"start":{"line":18,"column":0},"end":{"line":18,"column":43}},"16":{"start":{"line":19,"column":0},"end":{"line":19,"column":43}},"17":{"start":{"line":20,"column":0},"end":{"line":20,"column":43}},"18":{"start":{"line":21,"column":0},"end":{"line":21,"column":43}},"19":{"start":{"line":22,"column":0},"end":{"line":22,"column":43}},"20":{"start":{"line":23,"column":0},"end":{"line":23,"column":43}},"21":{"start":{"line":24,"column":0},"end":{"line":24,"column":43}},"22":{"start":{"line":25,"column":0},"end":{"line":25,"column":43}},"23":{"start":{"line":26,"column":0},"end":{"line":26,"column":43}},"24":{"start":{"line":27,"column":0},"end":{"line":27,"column":43}},"25":{"start":{"line":28,"column":0},"end":{"line":28,"column":43}},"26":{"start":{"line":29,"column":0},"end":{"line":29,"column":43}},"27":{"start":{"line":30,"column":0},"end":{"line":30,"column":43}},"28":{"start":{"line":31,"column":0},"end":{"line":31,"column":43}},"29":{"start":{"line":32,"column":0},"end":{"line":32,"column":43}},"30":{"start":{"line":33,"column":0},"end":{"line":33,"column":43}},"31":{"start":{"line":34,"column":0},"end":{"line":34,"column":43}},"32":{"start":{"line":35,"column":0},"end":{"line":35,"column":43}},"33":{"start":{"line":36,"column":0},"end":{"line":36,"column":43}},"34":{"start":{"line":37,"column":0},"end":{"line":37,"column":43}},"35":{"start":{"line":38,"column":0},"end":{"line":38,"column":43}},"36":{"start":{"line":39,"column":0},"end":{"line":39,"column":43}},"37":{"start":{"line":40,"column":0},"end":{"line":40,"column":43}},"38":{"start":{"line":41,"column":0},"end":{"line":41,"column":43}},"39":{"start":{"line":42,"column":0},"end":{"line":42,"column":43}},"40":{"start":{"line":43,"column":0},"end":{"line":43,"column":43}},"41":{"start":{"line":44,"column":0},"end":{"line":44,"column":43}},"42":{"start":{"line":45,"column":0},"end":{"line":45,"column":43}},"43":{"start":{"line":46,"column":0},"end":{"line":46,"column":43}},"44":{"start":{"line":47,"column":0},"end":{"line":47,"column":43}},"45":{"start":{"line":48,"column":0},"end":{"line":48,"column":43}},"46":{"start":{"line":49,"column":0},"end":{"line":49,"column":43}},"47":{"start":{"line":50,"column":0},"end":{"line":50,"column":43}},"48":{"start":{"line":51,"column":0},"end":{"line":51,"column":43}},"49":{"start":{"line":52,"column":0},"end":{"line":52,"column":43}},"50":{"start":{"line":53,"column":0},"end":{"line":53,"column":43}},"51":{"start":{"line":54,"column":0},"end":{"line":54,"column":43}},"52":{"start":{"line":55,"column":0},"end":{"line":55,"column":43}},"53":{"start":{"line":56,"column":0},"end":{"line":56,"column":43}},"54":{"start":{"line":57,"column":0},"end":{"line":57,"column":43}},"55":{"start":{"line":58,"column":0},"end":{"line":58,"column":43}},"56":{"start":{"line":59,"column":0},"end":{"line":59,"column":43}},"57":{"start":{"line":60,"column":0},"end":{"line":60,"column":43}},"58":{"start":{"line":61,"column":0},"end":{"line":61,"column":43}},"59":{"start":{"line":62,"column":0},"end":{"line":62,"column":43}},"60":{"start":{"line":63,"column":0},"end":{"line":63,"column":43}},"61":{"start":{"line":64,"column":0},"end":{"line":64,"column":43}},"62":{"start":{"line":65,"column":0},"end":{"line":65,"column":43}},"63":{"start":{"line":66,"column":0},"end":{"line":66,"column":43}},"64":{"start":{"line":67,"column":0},"end":{"line":67,"column":43}},"65":{"start":{"line":68,"column":0},"end":{"line":68,"column":43}},"66":{"start":{"line":73,"column":4},"end":{"line":73,"column":38}},"67":{"start":{"line":76,"column":0},"end":{"line":76,"column":27}}},"fnMap":{"0":{"name":"coordinates","decl":{"start":{"line":71,"column":9},"end":{"line":71,"column":20}},"loc":{"start":{"line":71,"column":49},"end":{"line":74,"column":1}}}},"branchMap":{},"s":{"0":24,"1":24,"2":24,"3":24,"4":24,"5":24,"6":24,"7":24,"8":24,"9":24,"10":24,"11":24,"12":24,"13":24,"14":24,"15":24,"16":24,"17":24,"18":24,"19":24,"20":24,"21":24,"22":24,"23":24,"24":24,"25":24,"26":24,"27":24,"28":24,"29":24,"30":24,"31":24,"32":24,"33":24,"34":24,"35":24,"36":24,"37":24,"38":24,"39":24,"40":24,"41":24,"42":24,"43":24,"44":24,"45":24,"46":24,"47":24,"48":24,"49":24,"50":24,"51":24,"52":24,"53":24,"54":24,"55":24,"56":24,"57":24,"58":24,"59":24,"60":24,"61":24,"62":24,"63":24,"64":24,"65":24,"66":2,"67":24},"f":{"0":2},"b":{}}
,"/Users/michaelhildebrand-faust/chess/src/position-utils/displaceFrom.ts": {"path":"/Users/michaelhildebrand-faust/chess/src/position-utils/displaceFrom.ts","statementMap":{"0":{"start":{"line":6,"column":0},"end":{"line":6,"column":49}},"1":{"start":{"line":10,"column":33},"end":{"line":10,"column":69}},"2":{"start":{"line":11,"column":33},"end":{"line":11,"column":69}},"3":{"start":{"line":13,"column":12},"end":{"line":16,"column":14}},"4":{"start":{"line":19,"column":0},"end":{"line":19,"column":28}}},"fnMap":{"0":{"name":"displaceFrom","decl":{"start":{"line":8,"column":13},"end":{"line":8,"column":25}},"loc":{"start":{"line":8,"column":80},"end":{"line":17,"column":9}}}},"branchMap":{},"s":{"0":23,"1":2433,"2":2433,"3":2433,"4":23},"f":{"0":2433},"b":{}}
,"/Users/michaelhildebrand-faust/chess/src/position-utils/displaceTo.ts": {"path":"/Users/michaelhildebrand-faust/chess/src/position-utils/displaceTo.ts","statementMap":{"0":{"start":{"line":6,"column":0},"end":{"line":6,"column":49}},"1":{"start":{"line":10,"column":25},"end":{"line":10,"column":61}},"2":{"start":{"line":11,"column":25},"end":{"line":11,"column":61}},"3":{"start":{"line":13,"column":4},"end":{"line":16,"column":6}},"4":{"start":{"line":19,"column":0},"end":{"line":19,"column":26}}},"fnMap":{"0":{"name":"displaceTo","decl":{"start":{"line":8,"column":9},"end":{"line":8,"column":19}},"loc":{"start":{"line":8,"column":74},"end":{"line":17,"column":1}}}},"branchMap":{},"s":{"0":23,"1":188,"2":188,"3":188,"4":23},"f":{"0":188},"b":{}}
,"/Users/michaelhildebrand-faust/chess/src/position-utils/file.ts": {"path":"/Users/michaelhildebrand-faust/chess/src/position-utils/file.ts","statementMap":{"0":{"start":{"line":3,"column":4},"end":{"line":3,"column":23}},"1":{"start":{"line":6,"column":0},"end":{"line":6,"column":20}}},"fnMap":{"0":{"name":"file","decl":{"start":{"line":1,"column":9},"end":{"line":1,"column":13}},"loc":{"start":{"line":1,"column":40},"end":{"line":4,"column":1}}}},"branchMap":{},"s":{"0":16760,"1":23},"f":{"0":16760},"b":{}}
,"/Users/michaelhildebrand-faust/chess/src/position-utils/index.ts": {"path":"/Users/michaelhildebrand-faust/chess/src/position-utils/index.ts","statementMap":{"0":{"start":{"line":3,"column":0},"end":{"line":3,"column":58}},"1":{"start":{"line":3,"column":9},"end":{"line":3,"column":33}},"2":{"start":{"line":5,"column":0},"end":{"line":5,"column":64}},"3":{"start":{"line":5,"column":9},"end":{"line":5,"column":36}},"4":{"start":{"line":6,"column":0},"end":{"line":6,"column":54}},"5":{"start":{"line":6,"column":9},"end":{"line":6,"column":31}},"6":{"start":{"line":7,"column":0},"end":{"line":7,"column":52}},"7":{"start":{"line":7,"column":9},"end":{"line":7,"column":30}},"8":{"start":{"line":8,"column":0},"end":{"line":8,"column":56}},"9":{"start":{"line":8,"column":9},"end":{"line":8,"column":32}},"10":{"start":{"line":9,"column":0},"end":{"line":9,"column":40}},"11":{"start":{"line":9,"column":9},"end":{"line":9,"column":24}},"12":{"start":{"line":10,"column":0},"end":{"line":10,"column":52}},"13":{"start":{"line":10,"column":9},"end":{"line":10,"column":30}},"14":{"start":{"line":11,"column":0},"end":{"line":11,"column":68}},"15":{"start":{"line":11,"column":9},"end":{"line":11,"column":38}},"16":{"start":{"line":12,"column":0},"end":{"line":12,"column":50}},"17":{"start":{"line":12,"column":9},"end":{"line":12,"column":29}},"18":{"start":{"line":13,"column":0},"end":{"line":13,"column":56}},"19":{"start":{"line":13,"column":9},"end":{"line":13,"column":32}},"20":{"start":{"line":14,"column":0},"end":{"line":14,"column":72}},"21":{"start":{"line":14,"column":9},"end":{"line":14,"column":40}},"22":{"start":{"line":15,"column":0},"end":{"line":15,"column":54}},"23":{"start":{"line":15,"column":9},"end":{"line":15,"column":31}},"24":{"start":{"line":16,"column":0},"end":{"line":16,"column":54}},"25":{"start":{"line":16,"column":9},"end":{"line":16,"column":31}},"26":{"start":{"line":17,"column":0},"end":{"line":17,"column":46}},"27":{"start":{"line":17,"column":9},"end":{"line":17,"column":27}},"28":{"start":{"line":18,"column":0},"end":{"line":18,"column":48}},"29":{"start":{"line":18,"column":9},"end":{"line":18,"column":28}},"30":{"start":{"line":19,"column":0},"end":{"line":19,"column":40}},"31":{"start":{"line":19,"column":9},"end":{"line":19,"column":24}}},"fnMap":{},"branchMap":{},"s":{"0":23,"1":23,"2":23,"3":23,"4":23,"5":23,"6":23,"7":23,"8":23,"9":23,"10":23,"11":23,"12":23,"13":23,"14":23,"15":23,"16":23,"17":23,"18":23,"19":23,"20":23,"21":23,"22":23,"23":23,"24":23,"25":23,"26":23,"27":23,"28":23,"29":23,"30":23,"31":23},"f":{},"b":{}}
,"/Users/michaelhildebrand-faust/chess/src/position-utils/isOccupied.ts": {"path":"/Users/michaelhildebrand-faust/chess/src/position-utils/isOccupied.ts","statementMap":{"0":{"start":{"line":1,"column":0},"end":{"line":1,"column":45}},"1":{"start":{"line":2,"column":0},"end":{"line":2,"column":46}},"2":{"start":{"line":4,"column":19},"end":{"line":4,"column":113}},"3":{"start":{"line":4,"column":73},"end":{"line":4,"column":113}},"4":{"start":{"line":6,"column":0},"end":{"line":6,"column":26}}},"fnMap":{"0":{"name":"(anonymous_0)","decl":{"start":{"line":4,"column":19},"end":{"line":4,"column":19}},"loc":{"start":{"line":4,"column":59},"end":{"line":4,"column":113}}}},"branchMap":{},"s":{"0":23,"1":23,"2":23,"3":22,"4":23},"f":{"0":22},"b":{}}
,"/Users/michaelhildebrand-faust/chess/src/position-utils/isOccupiedByPlayer.ts": {"path":"/Users/michaelhildebrand-faust/chess/src/position-utils/isOccupiedByPlayer.ts","statementMap":{"0":{"start":{"line":1,"column":0},"end":{"line":1,"column":33}},"1":{"start":{"line":2,"column":0},"end":{"line":2,"column":41}},"2":{"start":{"line":6,"column":4},"end":{"line":9,"column":53}},"3":{"start":{"line":7,"column":8},"end":{"line":7,"column":21}},"4":{"start":{"line":9,"column":9},"end":{"line":9,"column":53}},"5":{"start":{"line":12,"column":0},"end":{"line":12,"column":34}}},"fnMap":{"0":{"name":"isOccupiedByPlayer","decl":{"start":{"line":4,"column":9},"end":{"line":4,"column":27}},"loc":{"start":{"line":4,"column":84},"end":{"line":10,"column":1}}}},"branchMap":{"0":{"loc":{"start":{"line":6,"column":4},"end":{"line":9,"column":53}},"type":"if","locations":[{"start":{"line":6,"column":4},"end":{"line":9,"column":53}},{"start":{"line":6,"column":4},"end":{"line":9,"column":53}}]}},"s":{"0":23,"1":23,"2":41,"3":15,"4":26,"5":23},"f":{"0":41},"b":{"0":[15,26]}}
,"/Users/michaelhildebrand-faust/chess/src/position-utils/isOnBoard.ts": {"path":"/Users/michaelhildebrand-faust/chess/src/position-utils/isOnBoard.ts","statementMap":{"0":{"start":{"line":1,"column":0},"end":{"line":1,"column":48}},"1":{"start":{"line":3,"column":18},"end":{"line":7,"column":22}},"2":{"start":{"line":4,"column":4},"end":{"line":7,"column":22}},"3":{"start":{"line":9,"column":0},"end":{"line":9,"column":25}}},"fnMap":{"0":{"name":"(anonymous_0)","decl":{"start":{"line":3,"column":18},"end":{"line":3,"column":18}},"loc":{"start":{"line":3,"column":44},"end":{"line":7,"column":22}}}},"branchMap":{"0":{"loc":{"start":{"line":4,"column":4},"end":{"line":4,"column":23}},"type":"binary-expr","locations":[{"start":{"line":4,"column":4},"end":{"line":4,"column":23}},{"start":{"line":5,"column":4},"end":{"line":5,"column":22}},{"start":{"line":6,"column":4},"end":{"line":6,"column":23}},{"start":{"line":7,"column":4},"end":{"line":7,"column":22}}]}},"s":{"0":23,"1":23,"2":2660,"3":23},"f":{"0":2660},"b":{"0":[2660,2596,2407,2224]}}
,"/Users/michaelhildebrand-faust/chess/src/position-utils/isUnOccupied.ts": {"path":"/Users/michaelhildebrand-faust/chess/src/position-utils/isUnOccupied.ts","statementMap":{"0":{"start":{"line":1,"column":0},"end":{"line":1,"column":45}},"1":{"start":{"line":2,"column":0},"end":{"line":2,"column":46}},"2":{"start":{"line":5,"column":4},"end":{"line":5,"column":53}},"3":{"start":{"line":9,"column":0},"end":{"line":9,"column":28}}},"fnMap":{"0":{"name":"isUnOccupied","decl":{"start":{"line":4,"column":9},"end":{"line":4,"column":21}},"loc":{"start":{"line":4,"column":62},"end":{"line":6,"column":1}}}},"branchMap":{},"s":{"0":23,"1":23,"2":121,"3":23},"f":{"0":121},"b":{}}
,"/Users/michaelhildebrand-faust/chess/src/position-utils/isUnOccupiedByPlayer.ts": {"path":"/Users/michaelhildebrand-faust/chess/src/position-utils/isUnOccupiedByPlayer.ts","statementMap":{"0":{"start":{"line":1,"column":0},"end":{"line":1,"column":33}},"1":{"start":{"line":2,"column":0},"end":{"line":2,"column":51}},"2":{"start":{"line":5,"column":4},"end":{"line":8,"column":53}},"3":{"start":{"line":6,"column":8},"end":{"line":6,"column":20}},"4":{"start":{"line":8,"column":9},"end":{"line":8,"column":53}},"5":{"start":{"line":11,"column":0},"end":{"line":11,"column":36}}},"fnMap":{"0":{"name":"isUnOccupiedByPlayer","decl":{"start":{"line":4,"column":9},"end":{"line":4,"column":29}},"loc":{"start":{"line":4,"column":86},"end":{"line":9,"column":1}}}},"branchMap":{"0":{"loc":{"start":{"line":5,"column":4},"end":{"line":8,"column":53}},"type":"if","locations":[{"start":{"line":5,"column":4},"end":{"line":8,"column":53}},{"start":{"line":5,"column":4},"end":{"line":8,"column":53}}]}},"s":{"0":23,"1":23,"2":12,"3":8,"4":4,"5":23},"f":{"0":12},"b":{"0":[8,4]}}
,"/Users/michaelhildebrand-faust/chess/src/position-utils/locatePiece.ts": {"path":"/Users/michaelhildebrand-faust/chess/src/position-utils/locatePiece.ts","statementMap":{"0":{"start":{"line":2,"column":0},"end":{"line":2,"column":45}},"1":{"start":{"line":5,"column":4},"end":{"line":11,"column":5}},"2":{"start":{"line":6,"column":8},"end":{"line":10,"column":9}},"3":{"start":{"line":7,"column":52},"end":{"line":7,"column":64}},"4":{"start":{"line":8,"column":12},"end":{"line":9,"column":32}},"5":{"start":{"line":9,"column":16},"end":{"line":9,"column":32}},"6":{"start":{"line":12,"column":4},"end":{"line":12,"column":16}},"7":{"start":{"line":15,"column":0},"end":{"line":15,"column":27}}},"fnMap":{"0":{"name":"locatePiece","decl":{"start":{"line":4,"column":9},"end":{"line":4,"column":20}},"loc":{"start":{"line":4,"column":47},"end":{"line":13,"column":1}}}},"branchMap":{"0":{"loc":{"start":{"line":8,"column":12},"end":{"line":9,"column":32}},"type":"if","locations":[{"start":{"line":8,"column":12},"end":{"line":9,"column":32}},{"start":{"line":8,"column":12},"end":{"line":9,"column":32}}]}},"s":{"0":23,"1":44,"2":232,"3":1642,"4":1642,"5":44,"6":0,"7":23},"f":{"0":44},"b":{"0":[44,1598]}}
,"/Users/michaelhildebrand-faust/chess/src/position-utils/otherPlayer.ts": {"path":"/Users/michaelhildebrand-faust/chess/src/position-utils/otherPlayer.ts","statementMap":{"0":{"start":{"line":7,"column":4},"end":{"line":7,"column":29}},"1":{"start":{"line":9,"column":0},"end":{"line":9,"column":27}}},"fnMap":{"0":{"name":"otherPlayer","decl":{"start":{"line":6,"column":9},"end":{"line":6,"column":20}},"loc":{"start":{"line":6,"column":36},"end":{"line":8,"column":1}}}},"branchMap":{},"s":{"0":121,"1":23},"f":{"0":121},"b":{}}
,"/Users/michaelhildebrand-faust/chess/src/position-utils/pieceAt.ts": {"path":"/Users/michaelhildebrand-faust/chess/src/position-utils/pieceAt.ts","statementMap":{"0":{"start":{"line":1,"column":0},"end":{"line":1,"column":44}},"1":{"start":{"line":2,"column":0},"end":{"line":2,"column":48}},"2":{"start":{"line":5,"column":25},"end":{"line":5,"column":62}},"3":{"start":{"line":7,"column":4},"end":{"line":10,"column":27}},"4":{"start":{"line":8,"column":8},"end":{"line":8,"column":21}},"5":{"start":{"line":10,"column":8},"end":{"line":10,"column":27}},"6":{"start":{"line":13,"column":0},"end":{"line":13,"column":23}}},"fnMap":{"0":{"name":"pieceAt","decl":{"start":{"line":4,"column":9},"end":{"line":4,"column":16}},"loc":{"start":{"line":4,"column":57},"end":{"line":11,"column":1}}}},"branchMap":{"0":{"loc":{"start":{"line":7,"column":4},"end":{"line":10,"column":27}},"type":"if","locations":[{"start":{"line":7,"column":4},"end":{"line":10,"column":27}},{"start":{"line":7,"column":4},"end":{"line":10,"column":27}}]}},"s":{"0":23,"1":23,"2":5916,"3":5916,"4":1050,"5":4866,"6":23},"f":{"0":5916},"b":{"0":[1050,4866]}}
,"/Users/michaelhildebrand-faust/chess/src/position-utils/playerAt.ts": {"path":"/Users/michaelhildebrand-faust/chess/src/position-utils/playerAt.ts","statementMap":{"0":{"start":{"line":1,"column":0},"end":{"line":1,"column":46}},"1":{"start":{"line":2,"column":0},"end":{"line":2,"column":58}},"2":{"start":{"line":4,"column":17},"end":{"line":11,"column":1}},"3":{"start":{"line":5,"column":18},"end":{"line":5,"column":42}},"4":{"start":{"line":7,"column":4},"end":{"line":8,"column":20}},"5":{"start":{"line":8,"column":8},"end":{"line":8,"column":20}},"6":{"start":{"line":10,"column":4},"end":{"line":10,"column":66}},"7":{"start":{"line":13,"column":0},"end":{"line":13,"column":24}}},"fnMap":{"0":{"name":"(anonymous_0)","decl":{"start":{"line":4,"column":17},"end":{"line":4,"column":17}},"loc":{"start":{"line":4,"column":57},"end":{"line":11,"column":1}}}},"branchMap":{"0":{"loc":{"start":{"line":7,"column":4},"end":{"line":8,"column":20}},"type":"if","locations":[{"start":{"line":7,"column":4},"end":{"line":8,"column":20}},{"start":{"line":7,"column":4},"end":{"line":8,"column":20}}]},"1":{"loc":{"start":{"line":10,"column":37},"end":{"line":10,"column":50}},"type":"cond-expr","locations":[{"start":{"line":10,"column":37},"end":{"line":10,"column":50}},{"start":{"line":10,"column":52},"end":{"line":10,"column":64}}]}},"s":{"0":23,"1":23,"2":23,"3":384,"4":384,"5":29,"6":355,"7":23},"f":{"0":384},"b":{"0":[29,355],"1":[200,155]}}
,"/Users/michaelhildebrand-faust/chess/src/position-utils/rank.ts": {"path":"/Users/michaelhildebrand-faust/chess/src/position-utils/rank.ts","statementMap":{"0":{"start":{"line":3,"column":4},"end":{"line":3,"column":23}},"1":{"start":{"line":6,"column":0},"end":{"line":6,"column":20}}},"fnMap":{"0":{"name":"rank","decl":{"start":{"line":1,"column":9},"end":{"line":1,"column":13}},"loc":{"start":{"line":1,"column":40},"end":{"line":4,"column":1}}}},"branchMap":{},"s":{"0":16151,"1":23},"f":{"0":16151},"b":{}}
}
