TN:
SF:/Users/michaelhildebrand-faust/chess/src/board-utils/index.ts
FNF:0
FNH:0
DA:1,10
DA:2,10
DA:3,10
LF:3
LH:3
BRF:0
BRH:0
end_of_record
TN:
SF:/Users/michaelhildebrand-faust/chess/src/board-utils/pieces-shorthand.ts
FNF:0
FNH:0
DA:1,23
DA:2,23
DA:3,23
DA:4,23
DA:5,23
DA:6,23
DA:7,23
DA:8,23
DA:9,23
DA:10,23
DA:11,23
DA:12,23
DA:13,23
LF:13
LH:13
BRF:0
BRH:0
end_of_record
TN:
SF:/Users/michaelhildebrand-faust/chess/src/board-utils/rotateCounterClockwise.ts
FN:3,rotateCounterClockwise
FN:6,(anonymous_1)
FN:6,(anonymous_2)
FNF:3
FNH:0
FNDA:0,rotateCounterClockwise
FNDA:0,(anonymous_1)
FNDA:0,(anonymous_2)
DA:1,10
DA:5,0
DA:6,0
DA:7,0
DA:10,10
LF:5
LH:2
BRF:0
BRH:0
end_of_record
TN:
SF:/Users/michaelhildebrand-faust/chess/src/boards/empty.ts
FN:3,(anonymous_0)
FNF:1
FNH:1
FNDA:25,(anonymous_0)
DA:1,10
DA:3,25
LF:2
LH:2
BRF:0
BRH:0
end_of_record
TN:
SF:/Users/michaelhildebrand-faust/chess/src/boards/initialBoard.ts
FN:3,(anonymous_0)
FNF:1
FNH:1
FNDA:18,(anonymous_0)
DA:1,10
DA:3,18
LF:2
LH:2
BRF:0
BRH:0
end_of_record
TN:
SF:/Users/michaelhildebrand-faust/chess/src/canMove/canBishopMove.ts
FN:4,canBishopMove
FN:36,(anonymous_1)
FNF:2
FNH:2
FNDA:10,canBishopMove
FNDA:15,(anonymous_1)
DA:1,3
DA:2,3
DA:7,10
DA:8,0
DA:10,10
DA:13,10
DA:14,1
DA:16,9
DA:17,9
DA:21,9
DA:22,2
DA:25,7
DA:26,1
DA:33,6
DA:34,6
DA:36,15
DA:42,6
DA:45,6
DA:46,10
DA:47,1
DA:48,9
DA:52,5
DA:54,5
DA:57,3
LF:24
LH:23
BRDA:7,0,0,0
BRDA:7,0,1,10
BRDA:13,1,0,1
BRDA:13,1,1,9
BRDA:21,2,0,2
BRDA:21,2,1,7
BRDA:21,3,0,9
BRDA:21,3,1,8
BRDA:25,4,0,1
BRDA:25,4,1,6
BRDA:46,5,0,1
BRDA:46,5,1,9
BRF:12
BRH:11
end_of_record
TN:
SF:/Users/michaelhildebrand-faust/chess/src/canMove/canKnightMove.ts
FN:3,canKnightMove
FNF:1
FNH:1
FNDA:5,canKnightMove
DA:1,4
DA:5,5
DA:6,1
DA:9,4
DA:10,1
DA:12,3
DA:19,3
DA:20,1
DA:22,2
DA:25,4
LF:10
LH:10
BRDA:5,0,0,1
BRDA:5,0,1,4
BRDA:9,1,0,1
BRDA:9,1,1,3
BRDA:19,2,0,1
BRDA:19,2,1,2
BRF:6
BRH:6
end_of_record
TN:
SF:/Users/michaelhildebrand-faust/chess/src/canMove/canPawnMove.ts
FN:4,canPawnMove
FNF:1
FNH:1
FNDA:14,canPawnMove
DA:1,4
DA:7,14
DA:8,14
DA:9,14
DA:10,14
DA:12,14
DA:13,4
DA:16,10
DA:17,4
DA:18,2
DA:19,2
DA:20,0
DA:21,0
DA:22,0
DA:23,0
DA:24,0
DA:25,0
DA:30,6
DA:31,0
DA:32,6
DA:33,2
DA:34,4
DA:35,0
DA:38,6
DA:41,4
LF:25
LH:17
BRDA:8,0,0,8
BRDA:8,0,1,6
BRDA:12,1,0,4
BRDA:12,1,1,10
BRDA:12,2,0,14
BRDA:12,2,1,10
BRDA:12,2,2,10
BRDA:16,3,0,4
BRDA:16,3,1,6
BRDA:17,4,0,2
BRDA:17,4,1,2
BRDA:19,5,0,0
BRDA:19,5,1,2
BRDA:20,6,0,0
BRDA:20,6,1,0
BRDA:20,7,0,0
BRDA:20,7,1,0
BRDA:22,8,0,0
BRDA:22,8,1,0
BRDA:22,9,0,0
BRDA:22,9,1,0
BRDA:24,10,0,0
BRDA:24,10,1,0
BRDA:30,11,0,0
BRDA:30,11,1,6
BRDA:32,12,0,2
BRDA:32,12,1,4
BRDA:34,13,0,0
BRDA:34,13,1,4
BRF:29
BRH:16
end_of_record
TN:
SF:/Users/michaelhildebrand-faust/chess/src/canMove/canRookMove.ts
FN:4,canRookMove
FN:30,(anonymous_1)
FNF:2
FNH:2
FNDA:8,canRookMove
FNDA:11,(anonymous_1)
DA:1,4
DA:6,8
DA:7,0
DA:10,8
DA:11,2
DA:14,6
DA:15,6
DA:19,6
DA:20,0
DA:27,6
DA:28,6
DA:30,11
DA:36,6
DA:39,6
DA:41,6
DA:42,1
DA:43,5
DA:46,5
DA:49,4
LF:19
LH:17
BRDA:6,0,0,0
BRDA:6,0,1,8
BRDA:10,1,0,2
BRDA:10,1,1,6
BRDA:19,2,0,0
BRDA:19,2,1,6
BRDA:41,3,0,1
BRDA:41,3,1,5
BRF:8
BRH:6
end_of_record
TN:
SF:/Users/michaelhildebrand-faust/chess/src/check/generateLinesOfAttack.ts
FN:6,generateLinesOfAttack
FNF:1
FNH:1
FNDA:17,generateLinesOfAttack
DA:1,2
DA:3,2
DA:8,17
DA:9,17
DA:14,17
DA:15,17
DA:19,17
DA:21,85
DA:22,85
DA:24,441
DA:25,441
DA:26,441
DA:28,151
DA:29,519
DA:30,519
DA:32,417
DA:34,79
DA:35,23
DA:37,5
DA:39,18
DA:41,17
DA:44,101
DA:46,417
DA:47,188
DA:49,229
DA:52,84
DA:53,0
DA:56,16
DA:59,2
LF:29
LH:28
BRDA:9,0,0,9
BRDA:9,0,1,8
BRDA:15,1,0,17
BRDA:15,1,1,14
BRDA:34,2,0,102
BRDA:34,2,1,60
BRDA:46,3,0,188
BRDA:46,3,1,229
BRDA:52,4,0,0
BRDA:52,4,1,84
BRDA:52,5,0,84
BRDA:52,5,1,24
BRF:12
BRH:11
end_of_record
TN:
SF:/Users/michaelhildebrand-faust/chess/src/check/index.ts
FNF:0
FNH:0
DA:1,1
DA:2,1
DA:3,1
LF:3
LH:3
BRF:0
BRH:0
end_of_record
TN:
SF:/Users/michaelhildebrand-faust/chess/src/check/isCheckmate.ts
FN:7,isCheckmate
FNF:1
FNH:1
FNDA:9,isCheckmate
DA:1,1
DA:2,1
DA:3,1
DA:4,1
DA:5,1
DA:10,9
DA:11,55
DA:12,55
DA:14,55
DA:16,19
DA:17,19
DA:18,4
DA:23,5
DA:24,5
DA:25,5
DA:26,0
DA:30,5
DA:31,5
DA:32,1
DA:35,4
DA:36,4
DA:38,7
DA:39,7
DA:42,7
DA:43,7
DA:47,4
DA:48,4
DA:52,4
DA:53,0
DA:54,0
DA:55,0
DA:58,4
DA:61,4
DA:64,1
LF:34
LH:30
BRDA:14,0,0,19
BRDA:14,0,1,36
BRDA:14,1,0,55
BRDA:14,1,1,37
BRDA:17,2,0,4
BRDA:17,2,1,15
BRDA:25,3,0,0
BRDA:25,3,1,5
BRDA:31,4,0,1
BRDA:31,4,1,4
BRDA:36,5,0,2
BRDA:36,5,1,2
BRDA:52,6,0,0
BRDA:52,6,1,4
BRDA:54,7,0,0
BRDA:54,7,1,0
BRF:16
BRH:12
end_of_record
TN:
SF:/Users/michaelhildebrand-faust/chess/src/check/isInCheck.ts
FN:5,isInCheck
FN:19,(anonymous_2)
FNF:2
FNH:2
FNDA:63,isInCheck
FNDA:1161,(anonymous_2)
DA:1,7
DA:3,7
DA:7,63
DA:11,63
DA:12,63
DA:14,63
DA:16,238
DA:17,238
DA:19,238
DA:21,1161
DA:22,1161
DA:24,1451
DA:25,1451
DA:26,133
DA:29,1318
DA:30,716
DA:32,602
DA:34,312
DA:36,238
DA:39,23
DA:42,7
LF:21
LH:21
BRDA:8,0,0,21
BRDA:8,0,1,42
BRDA:9,1,0,1
BRDA:9,1,1,41
BRDA:12,2,0,52
BRDA:12,2,1,11
BRDA:25,3,0,133
BRDA:25,3,1,1318
BRDA:26,4,0,133
BRDA:26,4,1,82
BRDA:29,5,0,716
BRDA:29,5,1,602
BRDA:36,6,0,40
BRDA:36,6,1,198
BRF:14
BRH:14
end_of_record
TN:
SF:/Users/michaelhildebrand-faust/chess/src/constants/algebraic.ts
FNF:0
FNH:0
DA:1,24
DA:2,24
DA:3,24
DA:4,24
DA:5,24
DA:6,24
DA:7,24
DA:8,24
DA:9,24
DA:10,24
DA:11,24
DA:12,24
DA:13,24
DA:14,24
DA:15,24
DA:16,24
DA:17,24
DA:18,24
DA:19,24
DA:20,24
DA:21,24
DA:22,24
DA:23,24
DA:24,24
DA:25,24
DA:26,24
DA:27,24
DA:28,24
DA:29,24
DA:30,24
DA:31,24
DA:32,24
DA:33,24
DA:34,24
DA:35,24
DA:36,24
DA:37,24
DA:38,24
DA:39,24
DA:40,24
DA:41,24
DA:42,24
DA:43,24
DA:44,24
DA:45,24
DA:46,24
DA:47,24
DA:48,24
DA:49,24
DA:50,24
DA:51,24
DA:52,24
DA:53,24
DA:54,24
DA:55,24
DA:56,24
DA:57,24
DA:58,24
DA:59,24
DA:60,24
DA:61,24
DA:62,24
DA:63,24
DA:64,24
DA:66,24
LF:65
LH:65
BRF:0
BRH:0
end_of_record
TN:
SF:/Users/michaelhildebrand-faust/chess/src/constants/attackPatterns.ts
FNF:0
FNH:0
DA:1,8
DA:4,8
DA:6,8
DA:14,8
LF:4
LH:4
BRF:0
BRH:0
end_of_record
TN:
SF:/Users/michaelhildebrand-faust/chess/src/constants/move-vectors.ts
FNF:0
FNH:0
DA:1,13
DA:8,13
DA:13,13
DA:19,13
DA:25,13
DA:31,13
DA:35,13
LF:7
LH:7
BRF:0
BRH:0
end_of_record
TN:
SF:/Users/michaelhildebrand-faust/chess/src/constants/pieces.ts
FNF:0
FNH:0
DA:1,23
DA:9,23
DA:18,23
DA:19,23
DA:20,23
DA:22,23
LF:6
LH:6
BRF:0
BRH:0
end_of_record
TN:
SF:/Users/michaelhildebrand-faust/chess/src/moves/attackedPositions.ts
FN:19,attackedPositions
FNF:1
FNH:0
FNDA:0,attackedPositions
DA:1,3
DA:2,3
DA:21,0
DA:24,3
LF:4
LH:3
BRF:0
BRH:0
end_of_record
TN:
SF:/Users/michaelhildebrand-faust/chess/src/moves/bishop.ts
FN:7,bishop
FN:13,(anonymous_1)
FNF:2
FNH:2
FNDA:2,bishop
FNDA:8,(anonymous_1)
DA:1,4
DA:5,4
DA:9,2
DA:11,2
DA:13,2
DA:14,8
DA:15,8
DA:16,15
DA:17,15
DA:19,8
DA:20,2
DA:23,2
DA:26,4
LF:13
LH:13
BRDA:15,0,0,23
BRDA:15,0,1,18
BRDA:19,1,0,2
BRDA:19,1,1,6
BRDA:19,2,0,8
BRDA:19,2,1,3
BRF:6
BRH:6
end_of_record
TN:
SF:/Users/michaelhildebrand-faust/chess/src/moves/canKingMove.ts
FN:3,kingCanMove
FNF:1
FNH:0
FNDA:0,kingCanMove
DA:1,3
DA:6,0
DA:8,0
DA:13,0
DA:16,0
DA:19,3
LF:6
LH:2
BRDA:8,0,0,0
BRDA:8,0,1,0
BRDA:9,1,0,0
BRDA:9,1,1,0
BRDA:9,1,2,0
BRF:5
BRH:0
end_of_record
TN:
SF:/Users/michaelhildebrand-faust/chess/src/moves/canQueenMove.ts
FN:4,queenCanMove
FNF:1
FNH:0
FNDA:0,queenCanMove
DA:1,3
DA:2,3
DA:7,0
DA:11,3
LF:4
LH:3
BRDA:7,0,0,0
BRDA:7,0,1,0
BRF:2
BRH:0
end_of_record
TN:
SF:/Users/michaelhildebrand-faust/chess/src/moves/index.ts
FNF:0
FNH:0
DA:3,3
DA:4,3
DA:5,3
DA:6,3
DA:7,3
DA:8,3
DA:9,3
DA:10,3
DA:12,3
DA:13,3
DA:14,3
DA:15,3
DA:16,3
DA:17,3
LF:14
LH:14
BRF:0
BRH:0
end_of_record
TN:
SF:/Users/michaelhildebrand-faust/chess/src/moves/king.ts
FN:6,king
FN:11,(anonymous_1)
FN:13,(anonymous_2)
FNF:3
FNH:0
FNDA:0,king
FNDA:0,(anonymous_1)
FNDA:0,(anonymous_2)
DA:1,3
DA:4,3
DA:8,0
DA:10,0
DA:11,0
DA:13,0
DA:17,3
LF:7
LH:3
BRF:0
BRH:0
end_of_record
TN:
SF:/Users/michaelhildebrand-faust/chess/src/moves/knight.ts
FN:6,knight
FN:11,(anonymous_1)
FN:13,(anonymous_2)
FNF:3
FNH:3
FNDA:4,knight
FNDA:32,(anonymous_1)
FNDA:12,(anonymous_2)
DA:1,4
DA:4,4
DA:8,4
DA:10,4
DA:11,32
DA:13,12
DA:17,4
LF:7
LH:7
BRF:0
BRH:0
end_of_record
TN:
SF:/Users/michaelhildebrand-faust/chess/src/moves/nextBoard.ts
FN:4,nextBoard
FNF:1
FNH:1
FNDA:25,nextBoard
DA:1,4
DA:2,4
DA:7,25
DA:9,25
DA:10,200
DA:11,1600
DA:15,25
DA:16,25
DA:18,25
DA:21,4
LF:10
LH:10
BRF:0
BRH:0
end_of_record
TN:
SF:/Users/michaelhildebrand-faust/chess/src/moves/pawn.ts
FN:5,pawn
FN:26,(anonymous_1)
FNF:2
FNH:2
FNDA:16,pawn
FNDA:32,(anonymous_1)
DA:1,4
DA:6,16
DA:8,16
DA:10,16
DA:11,16
DA:12,16
DA:14,16
DA:15,14
DA:17,14
DA:18,14
DA:19,7
DA:20,7
DA:21,6
DA:24,16
DA:26,16
DA:27,32
DA:28,32
DA:29,8
DA:32,16
DA:35,4
LF:20
LH:20
BRDA:10,0,0,8
BRDA:10,0,1,8
BRDA:14,1,0,14
BRDA:14,1,1,2
BRDA:14,2,0,16
BRDA:14,2,1,16
BRDA:17,3,0,14
BRDA:17,3,1,7
BRDA:17,3,2,9
BRDA:17,3,3,7
BRDA:18,4,0,7
BRDA:18,4,1,7
BRDA:20,5,0,6
BRDA:20,5,1,1
BRDA:20,6,0,7
BRDA:20,6,1,7
BRDA:28,7,0,8
BRDA:28,7,1,24
BRDA:28,8,0,32
BRDA:28,8,1,28
BRF:20
BRH:20
end_of_record
TN:
SF:/Users/michaelhildebrand-faust/chess/src/moves/queen.ts
FN:3,queen
FNF:1
FNH:1
FNDA:1,queen
DA:1,3
DA:4,1
DA:7,3
LF:3
LH:3
BRF:0
BRH:0
end_of_record
TN:
SF:/Users/michaelhildebrand-faust/chess/src/moves/rook.ts
FN:5,rook
FN:11,(anonymous_1)
FNF:2
FNH:2
FNDA:2,rook
FNDA:8,(anonymous_1)
DA:1,4
DA:7,2
DA:8,2
DA:9,2
DA:11,2
DA:12,8
DA:13,8
DA:14,15
DA:15,15
DA:17,8
DA:18,2
DA:21,2
DA:24,4
LF:13
LH:13
BRDA:13,0,0,23
BRDA:13,0,1,21
BRDA:17,1,0,2
BRDA:17,1,1,6
BRDA:17,2,0,8
BRDA:17,2,1,6
BRF:6
BRH:6
end_of_record
TN:
SF:/Users/michaelhildebrand-faust/chess/src/position-utils/algebraicName.ts
FN:14,algebraicName
FNF:1
FNH:1
FNDA:221,algebraicName
DA:1,23
DA:3,23
DA:16,221
DA:19,23
LF:4
LH:4
BRF:0
BRH:0
end_of_record
TN:
SF:/Users/michaelhildebrand-faust/chess/src/position-utils/allPlayerPositions.ts
FN:4,allPlayerPositions
FN:9,(anonymous_1)
FN:9,(anonymous_2)
FNF:3
FNH:3
FNDA:2,allPlayerPositions
FNDA:16,(anonymous_1)
FNDA:128,(anonymous_2)
DA:1,1
DA:2,1
DA:6,2
DA:7,2
DA:9,16
DA:11,128
DA:13,128
DA:14,32
DA:20,2
DA:23,1
LF:10
LH:10
BRDA:7,0,0,1
BRDA:7,0,1,1
BRDA:13,1,0,32
BRDA:13,1,1,96
BRDA:13,2,0,128
BRDA:13,2,1,64
BRF:6
BRH:6
end_of_record
TN:
SF:/Users/michaelhildebrand-faust/chess/src/position-utils/areSamePositions.ts
FN:1,(anonymous_0)
FNF:1
FNH:1
FNDA:29,(anonymous_0)
DA:1,29
DA:3,24
LF:2
LH:2
BRDA:1,0,0,29
BRDA:1,0,1,17
BRF:2
BRH:2
end_of_record
TN:
SF:/Users/michaelhildebrand-faust/chess/src/position-utils/coordinates.ts
FN:71,coordinates
FNF:1
FNH:1
FNDA:2,coordinates
DA:1,24
DA:3,24
DA:5,24
DA:6,24
DA:7,24
DA:8,24
DA:9,24
DA:10,24
DA:11,24
DA:12,24
DA:13,24
DA:14,24
DA:15,24
DA:16,24
DA:17,24
DA:18,24
DA:19,24
DA:20,24
DA:21,24
DA:22,24
DA:23,24
DA:24,24
DA:25,24
DA:26,24
DA:27,24
DA:28,24
DA:29,24
DA:30,24
DA:31,24
DA:32,24
DA:33,24
DA:34,24
DA:35,24
DA:36,24
DA:37,24
DA:38,24
DA:39,24
DA:40,24
DA:41,24
DA:42,24
DA:43,24
DA:44,24
DA:45,24
DA:46,24
DA:47,24
DA:48,24
DA:49,24
DA:50,24
DA:51,24
DA:52,24
DA:53,24
DA:54,24
DA:55,24
DA:56,24
DA:57,24
DA:58,24
DA:59,24
DA:60,24
DA:61,24
DA:62,24
DA:63,24
DA:64,24
DA:65,24
DA:66,24
DA:67,24
DA:68,24
DA:73,2
DA:76,24
LF:68
LH:68
BRF:0
BRH:0
end_of_record
TN:
SF:/Users/michaelhildebrand-faust/chess/src/position-utils/displaceFrom.ts
FN:8,displaceFrom
FNF:1
FNH:1
FNDA:2433,displaceFrom
DA:6,23
DA:10,2433
DA:11,2433
DA:13,2433
DA:19,23
LF:5
LH:5
BRF:0
BRH:0
end_of_record
TN:
SF:/Users/michaelhildebrand-faust/chess/src/position-utils/displaceTo.ts
FN:8,displaceTo
FNF:1
FNH:1
FNDA:188,displaceTo
DA:6,23
DA:10,188
DA:11,188
DA:13,188
DA:19,23
LF:5
LH:5
BRF:0
BRH:0
end_of_record
TN:
SF:/Users/michaelhildebrand-faust/chess/src/position-utils/file.ts
FN:1,file
FNF:1
FNH:1
FNDA:16760,file
DA:3,16760
DA:6,23
LF:2
LH:2
BRF:0
BRH:0
end_of_record
TN:
SF:/Users/michaelhildebrand-faust/chess/src/position-utils/index.ts
FNF:0
FNH:0
DA:3,23
DA:5,23
DA:6,23
DA:7,23
DA:8,23
DA:9,23
DA:10,23
DA:11,23
DA:12,23
DA:13,23
DA:14,23
DA:15,23
DA:16,23
DA:17,23
DA:18,23
DA:19,23
LF:16
LH:16
BRF:0
BRH:0
end_of_record
TN:
SF:/Users/michaelhildebrand-faust/chess/src/position-utils/isOccupied.ts
FN:4,(anonymous_0)
FNF:1
FNH:1
FNDA:22,(anonymous_0)
DA:1,23
DA:2,23
DA:4,23
DA:6,23
LF:4
LH:4
BRF:0
BRH:0
end_of_record
TN:
SF:/Users/michaelhildebrand-faust/chess/src/position-utils/isOccupiedByPlayer.ts
FN:4,isOccupiedByPlayer
FNF:1
FNH:1
FNDA:41,isOccupiedByPlayer
DA:1,23
DA:2,23
DA:6,41
DA:7,15
DA:9,26
DA:12,23
LF:6
LH:6
BRDA:6,0,0,15
BRDA:6,0,1,26
BRF:2
BRH:2
end_of_record
TN:
SF:/Users/michaelhildebrand-faust/chess/src/position-utils/isOnBoard.ts
FN:3,(anonymous_0)
FNF:1
FNH:1
FNDA:2660,(anonymous_0)
DA:1,23
DA:3,23
DA:4,2660
DA:9,23
LF:4
LH:4
BRDA:4,0,0,2660
BRDA:4,0,1,2596
BRDA:4,0,2,2407
BRDA:4,0,3,2224
BRF:4
BRH:4
end_of_record
TN:
SF:/Users/michaelhildebrand-faust/chess/src/position-utils/isUnOccupied.ts
FN:4,isUnOccupied
FNF:1
FNH:1
FNDA:121,isUnOccupied
DA:1,23
DA:2,23
DA:5,121
DA:9,23
LF:4
LH:4
BRF:0
BRH:0
end_of_record
TN:
SF:/Users/michaelhildebrand-faust/chess/src/position-utils/isUnOccupiedByPlayer.ts
FN:4,isUnOccupiedByPlayer
FNF:1
FNH:1
FNDA:12,isUnOccupiedByPlayer
DA:1,23
DA:2,23
DA:5,12
DA:6,8
DA:8,4
DA:11,23
LF:6
LH:6
BRDA:5,0,0,8
BRDA:5,0,1,4
BRF:2
BRH:2
end_of_record
TN:
SF:/Users/michaelhildebrand-faust/chess/src/position-utils/locatePiece.ts
FN:4,locatePiece
FNF:1
FNH:1
FNDA:44,locatePiece
DA:2,23
DA:5,44
DA:6,232
DA:7,1642
DA:8,1642
DA:9,44
DA:12,0
DA:15,23
LF:8
LH:7
BRDA:8,0,0,44
BRDA:8,0,1,1598
BRF:2
BRH:2
end_of_record
TN:
SF:/Users/michaelhildebrand-faust/chess/src/position-utils/otherPlayer.ts
FN:6,otherPlayer
FNF:1
FNH:1
FNDA:121,otherPlayer
DA:7,121
DA:9,23
LF:2
LH:2
BRF:0
BRH:0
end_of_record
TN:
SF:/Users/michaelhildebrand-faust/chess/src/position-utils/pieceAt.ts
FN:4,pieceAt
FNF:1
FNH:1
FNDA:5916,pieceAt
DA:1,23
DA:2,23
DA:5,5916
DA:7,5916
DA:8,1050
DA:10,4866
DA:13,23
LF:7
LH:7
BRDA:7,0,0,1050
BRDA:7,0,1,4866
BRF:2
BRH:2
end_of_record
TN:
SF:/Users/michaelhildebrand-faust/chess/src/position-utils/playerAt.ts
FN:4,(anonymous_0)
FNF:1
FNH:1
FNDA:384,(anonymous_0)
DA:1,23
DA:2,23
DA:4,23
DA:5,384
DA:7,384
DA:8,29
DA:10,355
DA:13,23
LF:8
LH:8
BRDA:7,0,0,29
BRDA:7,0,1,355
BRDA:10,1,0,200
BRDA:10,1,1,155
BRF:4
BRH:4
end_of_record
TN:
SF:/Users/michaelhildebrand-faust/chess/src/position-utils/rank.ts
FN:1,rank
FNF:1
FNH:1
FNDA:16151,rank
DA:3,16151
DA:6,23
LF:2
LH:2
BRF:0
BRH:0
end_of_record
